{"meta": {"format": 3, "version": "7.10.7", "timestamp": "2026-03-05T10:14:55.422349", "branch_coverage": false, "show_contexts": false}, "files": {"src/__init__.py": {"executed_lines": [1, 3], "summary": {"covered_lines": 1, "num_statements": 1, "percent_covered": 100.0, "percent_covered_display": "100", "missing_lines": 0, "excluded_lines": 0}, "missing_lines": [], "excluded_lines": [], "functions": {"": {"executed_lines": [1, 3], "summary": {"covered_lines": 1, "num_statements": 1, "percent_covered": 100.0, "percent_covered_display": "100", "missing_lines": 0, "excluded_lines": 0}, "missing_lines": [], "excluded_lines": []}}, "classes": {"": {"executed_lines": [1, 3], "summary": {"covered_lines": 1, "num_statements": 1, "percent_covered": 100.0, "percent_covered_display": "100", "missing_lines": 0, "excluded_lines": 0}, "missing_lines": [], "excluded_lines": []}}}, "src/ai/__init__.py": {"executed_lines": [1], "summary": {"covered_lines": 0, "num_statements": 0, "percent_covered": 100.0, "percent_covered_display": "100", "missing_lines": 0, "excluded_lines": 0}, "missing_lines": [], "excluded_lines": [], "functions": {"": {"executed_lines": [1], "summary": {"covered_lines": 0, "num_statements": 0, "percent_covered": 100.0, "percent_covered_display": "100", "missing_lines": 0, "excluded_lines": 0}, "missing_lines": [], "excluded_lines": []}}, "classes": {"": {"executed_lines": [1], "summary": {"covered_lines": 0, "num_statements": 0, "percent_covered": 100.0, "percent_covered_display": "100", "missing_lines": 0, "excluded_lines": 0}, "missing_lines": [], "excluded_lines": []}}}, "src/ai/http_client.py": {"executed_lines": [1, 3, 4, 6, 8, 10, 13, 14, 16, 23, 24, 26, 83, 117, 151, 179, 219, 279, 310, 311, 316, 317, 318, 319, 320, 321, 322, 325, 328, 334, 335, 336, 338, 402], "summary": {"covered_lines": 32, "num_statements": 148, "percent_covered": 21.62162162162162, "percent_covered_display": "22", "missing_lines": 116, "excluded_lines": 0}, "missing_lines": [53, 55, 61, 62, 63, 64, 65, 66, 67, 68, 69, 70, 71, 72, 74, 75, 79, 80, 81, 102, 104, 105, 106, 108, 109, 113, 114, 115, 131, 132, 133, 134, 135, 136, 137, 138, 140, 141, 147, 148, 149, 163, 164, 165, 166, 168, 169, 175, 176, 177, 195, 196, 201, 202, 203, 204, 205, 206, 208, 209, 215, 216, 217, 242, 243, 251, 252, 253, 254, 255, 256, 257, 258, 259, 260, 261, 262, 263, 264, 265, 266, 268, 269, 275, 276, 277, 323, 361, 362, 366, 368, 369, 371, 372, 373, 375, 378, 383, 384, 385, 386, 387, 388, 393, 394, 395, 400, 416, 417, 423, 424, 426, 427, 428, 429, 430], "excluded_lines": [], "functions": {"AIServiceHTTPClient.__init__": {"executed_lines": [23, 24], "summary": {"covered_lines": 2, "num_statements": 2, "percent_covered": 100.0, "percent_covered_display": "100", "missing_lines": 0, "excluded_lines": 0}, "missing_lines": [], "excluded_lines": []}, "AIServiceHTTPClient.query_connection": {"executed_lines": [], "summary": {"covered_lines": 0, "num_statements": 19, "percent_covered": 0.0, "percent_covered_display": "0", "missing_lines": 19, "excluded_lines": 0}, "missing_lines": [53, 55, 61, 62, 63, 64, 65, 66, 67, 68, 69, 70, 71, 72, 74, 75, 79, 80, 81], "excluded_lines": []}, "AIServiceHTTPClient.discover_connection": {"executed_lines": [], "summary": {"covered_lines": 0, "num_statements": 9, "percent_covered": 0.0, "percent_covered_display": "0", "missing_lines": 9, "excluded_lines": 0}, "missing_lines": [102, 104, 105, 106, 108, 109, 113, 114, 115], "excluded_lines": []}, "AIServiceHTTPClient.list_tables": {"executed_lines": [], "summary": {"covered_lines": 0, "num_statements": 13, "percent_covered": 0.0, "percent_covered_display": "0", "missing_lines": 13, "excluded_lines": 0}, "missing_lines": [131, 132, 133, 134, 135, 136, 137, 138, 140, 141, 147, 148, 149], "excluded_lines": []}, "AIServiceHTTPClient.metadata_status": {"executed_lines": [], "summary": {"covered_lines": 0, "num_statements": 9, "percent_covered": 0.0, "percent_covered_display": "0", "missing_lines": 9, "excluded_lines": 0}, "missing_lines": [163, 164, 165, 166, 168, 169, 175, 176, 177], "excluded_lines": []}, "AIServiceHTTPClient.chat_bootstrap": {"executed_lines": [], "summary": {"covered_lines": 0, "num_statements": 13, "percent_covered": 0.0, "percent_covered_display": "0", "missing_lines": 13, "excluded_lines": 0}, "missing_lines": [195, 196, 201, 202, 203, 204, 205, 206, 208, 209, 215, 216, 217], "excluded_lines": []}, "AIServiceHTTPClient.dashboard_plan": {"executed_lines": [], "summary": {"covered_lines": 0, "num_statements": 23, "percent_covered": 0.0, "percent_covered_display": "0", "missing_lines": 23, "excluded_lines": 0}, "missing_lines": [242, 243, 251, 252, 253, 254, 255, 256, 257, 258, 259, 260, 261, 262, 263, 264, 265, 266, 268, 269, 275, 276, 277], "excluded_lines": []}, "AIServiceHTTPClient.validate_sql": {"executed_lines": [310, 311, 316, 317, 318, 319, 320, 321, 322, 325, 328, 334, 335, 336], "summary": {"covered_lines": 14, "num_statements": 15, "percent_covered": 93.33333333333333, "percent_covered_display": "93", "missing_lines": 1, "excluded_lines": 0}, "missing_lines": [323], "excluded_lines": []}, "AIServiceHTTPClient.suggest_widget_title": {"executed_lines": [], "summary": {"covered_lines": 0, "num_statements": 20, "percent_covered": 0.0, "percent_covered_display": "0", "missing_lines": 20, "excluded_lines": 0}, "missing_lines": [361, 362, 366, 368, 369, 371, 372, 373, 375, 378, 383, 384, 385, 386, 387, 388, 393, 394, 395, 400], "excluded_lines": []}, "AIServiceHTTPClient.generate_infographic": {"executed_lines": [], "summary": {"covered_lines": 0, "num_statements": 9, "percent_covered": 0.0, "percent_covered_display": "0", "missing_lines": 9, "excluded_lines": 0}, "missing_lines": [416, 417, 423, 424, 426, 427, 428, 429, 430], "excluded_lines": []}, "": {"executed_lines": [1, 3, 4, 6, 8, 10, 13, 14, 16, 26, 83, 117, 151, 179, 219, 279, 338, 402], "summary": {"covered_lines": 16, "num_statements": 16, "percent_covered": 100.0, "percent_covered_display": "100", "missing_lines": 0, "excluded_lines": 0}, "missing_lines": [], "excluded_lines": []}}, "classes": {"AIServiceHTTPClient": {"executed_lines": [23, 24, 310, 311, 316, 317, 318, 319, 320, 321, 322, 325, 328, 334, 335, 336], "summary": {"covered_lines": 16, "num_statements": 132, "percent_covered": 12.121212121212121, "percent_covered_display": "12", "missing_lines": 116, "excluded_lines": 0}, "missing_lines": [53, 55, 61, 62, 63, 64, 65, 66, 67, 68, 69, 70, 71, 72, 74, 75, 79, 80, 81, 102, 104, 105, 106, 108, 109, 113, 114, 115, 131, 132, 133, 134, 135, 136, 137, 138, 140, 141, 147, 148, 149, 163, 164, 165, 166, 168, 169, 175, 176, 177, 195, 196, 201, 202, 203, 204, 205, 206, 208, 209, 215, 216, 217, 242, 243, 251, 252, 253, 254, 255, 256, 257, 258, 259, 260, 261, 262, 263, 264, 265, 266, 268, 269, 275, 276, 277, 323, 361, 362, 366, 368, 369, 371, 372, 373, 375, 378, 383, 384, 385, 386, 387, 388, 393, 394, 395, 400, 416, 417, 423, 424, 426, 427, 428, 429, 430], "excluded_lines": []}, "": {"executed_lines": [1, 3, 4, 6, 8, 10, 13, 14, 16, 26, 83, 117, 151, 179, 219, 279, 338, 402], "summary": {"covered_lines": 16, "num_statements": 16, "percent_covered": 100.0, "percent_covered_display": "100", "missing_lines": 0, "excluded_lines": 0}, "missing_lines": [], "excluded_lines": []}}}, "src/ai/mock.py": {"executed_lines": [1, 2, 3, 4, 6, 9, 10, 12, 16, 17, 21, 31, 35, 36, 74, 80, 82, 83, 85, 90], "summary": {"covered_lines": 19, "num_statements": 26, "percent_covered": 73.07692307692308, "percent_covered_display": "73", "missing_lines": 7, "excluded_lines": 0}, "missing_lines": [23, 24, 87, 88, 99, 102, 103], "excluded_lines": [], "functions": {"MockAIService.generate_answer": {"executed_lines": [16, 17], "summary": {"covered_lines": 2, "num_statements": 2, "percent_covered": 100.0, "percent_covered_display": "100", "missing_lines": 0, "excluded_lines": 0}, "missing_lines": [], "excluded_lines": []}, "MockAIService.process_query": {"executed_lines": [], "summary": {"covered_lines": 0, "num_statements": 2, "percent_covered": 0.0, "percent_covered_display": "0", "missing_lines": 2, "excluded_lines": 0}, "missing_lines": [23, 24], "excluded_lines": []}, "MockAIService.process_pipeline": {"executed_lines": [35, 36, 74], "summary": {"covered_lines": 3, "num_statements": 3, "percent_covered": 100.0, "percent_covered_display": "100", "missing_lines": 0, "excluded_lines": 0}, "missing_lines": [], "excluded_lines": []}, "MockAIService.generate_sql": {"executed_lines": [82, 83], "summary": {"covered_lines": 2, "num_statements": 2, "percent_covered": 100.0, "percent_covered_display": "100", "missing_lines": 0, "excluded_lines": 0}, "missing_lines": [], "excluded_lines": []}, "MockAIService.analyze_question": {"executed_lines": [], "summary": {"covered_lines": 0, "num_statements": 2, "percent_covered": 0.0, "percent_covered_display": "0", "missing_lines": 2, "excluded_lines": 0}, "missing_lines": [87, 88], "excluded_lines": []}, "MockAIService.generate_infographic": {"executed_lines": [], "summary": {"covered_lines": 0, "num_statements": 3, "percent_covered": 0.0, "percent_covered_display": "0", "missing_lines": 3, "excluded_lines": 0}, "missing_lines": [99, 102, 103], "excluded_lines": []}, "": {"executed_lines": [1, 2, 3, 4, 6, 9, 10, 12, 21, 31, 80, 85, 90], "summary": {"covered_lines": 12, "num_statements": 12, "percent_covered": 100.0, "percent_covered_display": "100", "missing_lines": 0, "excluded_lines": 0}, "missing_lines": [], "excluded_lines": []}}, "classes": {"MockAIService": {"executed_lines": [16, 17, 35, 36, 74, 82, 83], "summary": {"covered_lines": 7, "num_statements": 14, "percent_covered": 50.0, "percent_covered_display": "50", "missing_lines": 7, "excluded_lines": 0}, "missing_lines": [23, 24, 87, 88, 99, 102, 103], "excluded_lines": []}, "": {"executed_lines": [1, 2, 3, 4, 6, 9, 10, 12, 21, 31, 80, 85, 90], "summary": {"covered_lines": 12, "num_statements": 12, "percent_covered": 100.0, "percent_covered_display": "100", "missing_lines": 0, "excluded_lines": 0}, "missing_lines": [], "excluded_lines": []}}}, "src/ai/real_service.py": {"executed_lines": [1, 3, 4, 6, 7, 9, 12, 13, 15, 22, 24, 159, 181, 212, 279], "summary": {"covered_lines": 13, "num_statements": 53, "percent_covered": 24.528301886792452, "percent_covered_display": "25", "missing_lines": 40, "excluded_lines": 0}, "missing_lines": [57, 61, 62, 63, 68, 69, 79, 80, 84, 88, 90, 95, 96, 100, 104, 105, 111, 125, 126, 127, 130, 137, 141, 143, 155, 156, 157, 175, 176, 177, 178, 179, 203, 205, 208, 210, 228, 232, 277, 290], "excluded_lines": [], "functions": {"RealAIService.__init__": {"executed_lines": [22], "summary": {"covered_lines": 1, "num_statements": 1, "percent_covered": 100.0, "percent_covered_display": "100", "missing_lines": 0, "excluded_lines": 0}, "missing_lines": [], "excluded_lines": []}, "RealAIService.process_query": {"executed_lines": [], "summary": {"covered_lines": 0, "num_statements": 27, "percent_covered": 0.0, "percent_covered_display": "0", "missing_lines": 27, "excluded_lines": 0}, "missing_lines": [57, 61, 62, 63, 68, 69, 79, 80, 84, 88, 90, 95, 96, 100, 104, 105, 111, 125, 126, 127, 130, 137, 141, 143, 155, 156, 157], "excluded_lines": []}, "RealAIService.generate_sql": {"executed_lines": [], "summary": {"covered_lines": 0, "num_statements": 5, "percent_covered": 0.0, "percent_covered_display": "0", "missing_lines": 5, "excluded_lines": 0}, "missing_lines": [175, 176, 177, 178, 179], "excluded_lines": []}, "RealAIService.generate_answer": {"executed_lines": [], "summary": {"covered_lines": 0, "num_statements": 4, "percent_covered": 0.0, "percent_covered_display": "0", "missing_lines": 4, "excluded_lines": 0}, "missing_lines": [203, 205, 208, 210], "excluded_lines": []}, "RealAIService.process_pipeline": {"executed_lines": [], "summary": {"covered_lines": 0, "num_statements": 3, "percent_covered": 0.0, "percent_covered_display": "0", "missing_lines": 3, "excluded_lines": 0}, "missing_lines": [228, 232, 277], "excluded_lines": []}, "RealAIService.generate_infographic": {"executed_lines": [], "summary": {"covered_lines": 0, "num_statements": 1, "percent_covered": 0.0, "percent_covered_display": "0", "missing_lines": 1, "excluded_lines": 0}, "missing_lines": [290], "excluded_lines": []}, "": {"executed_lines": [1, 3, 4, 6, 7, 9, 12, 13, 15, 24, 159, 181, 212, 279], "summary": {"covered_lines": 12, "num_statements": 12, "percent_covered": 100.0, "percent_covered_display": "100", "missing_lines": 0, "excluded_lines": 0}, "missing_lines": [], "excluded_lines": []}}, "classes": {"RealAIService": {"executed_lines": [22], "summary": {"covered_lines": 1, "num_statements": 41, "percent_covered": 2.4390243902439024, "percent_covered_display": "2", "missing_lines": 40, "excluded_lines": 0}, "missing_lines": [57, 61, 62, 63, 68, 69, 79, 80, 84, 88, 90, 95, 96, 100, 104, 105, 111, 125, 126, 127, 130, 137, 141, 143, 155, 156, 157, 175, 176, 177, 178, 179, 203, 205, 208, 210, 228, 232, 277, 290], "excluded_lines": []}, "": {"executed_lines": [1, 3, 4, 6, 7, 9, 12, 13, 15, 24, 159, 181, 212, 279], "summary": {"covered_lines": 12, "num_statements": 12, "percent_covered": 100.0, "percent_covered_display": "100", "missing_lines": 0, "excluded_lines": 0}, "missing_lines": [], "excluded_lines": []}}}, "src/api/__init__.py": {"executed_lines": [1], "summary": {"covered_lines": 0, "num_statements": 0, "percent_covered": 100.0, "percent_covered_display": "100", "missing_lines": 0, "excluded_lines": 0}, "missing_lines": [], "excluded_lines": [], "functions": {"": {"executed_lines": [1], "summary": {"covered_lines": 0, "num_statements": 0, "percent_covered": 100.0, "percent_covered_display": "100", "missing_lines": 0, "excluded_lines": 0}, "missing_lines": [], "excluded_lines": []}}, "classes": {"": {"executed_lines": [1], "summary": {"covered_lines": 0, "num_statements": 0, "percent_covered": 100.0, "percent_covered_display": "100", "missing_lines": 0, "excluded_lines": 0}, "missing_lines": [], "excluded_lines": []}}}, "src/api/deps.py": {"executed_lines": [1, 4, 5, 7, 8, 9, 11, 12, 13, 15, 19, 26, 45, 47, 53, 56, 57, 58, 59, 62, 63, 64, 65, 66, 69, 71, 73, 74, 75, 76, 79, 81, 82, 83, 85, 86, 87, 102, 117, 120, 121, 125, 126, 127, 129, 130, 131, 132, 135, 137, 138, 139, 141, 142, 143, 153, 163, 164, 166, 167, 170, 172, 174, 175, 190], "summary": {"covered_lines": 63, "num_statements": 107, "percent_covered": 58.87850467289719, "percent_covered_display": "59", "missing_lines": 44, "excluded_lines": 2}, "missing_lines": [77, 78, 88, 89, 91, 92, 93, 94, 95, 99, 103, 105, 107, 109, 111, 112, 113, 114, 119, 133, 134, 144, 145, 146, 147, 148, 149, 150, 154, 156, 157, 158, 159, 160, 176, 177, 180, 181, 183, 184, 185, 187, 197, 198], "excluded_lines": [15, 16], "functions": {"get_current_user": {"executed_lines": [45, 47, 53, 56, 57, 58, 59, 62, 63, 64, 65, 66, 69, 71, 73, 74, 75, 76, 79, 81, 82, 83, 85, 86, 87, 102, 117, 120, 121, 125, 126, 127, 129, 130, 131, 132, 135, 137, 138, 139, 141, 142, 143, 153, 163, 164, 166, 167, 170, 172, 174, 175], "summary": {"covered_lines": 52, "num_statements": 94, "percent_covered": 55.319148936170215, "percent_covered_display": "55", "missing_lines": 42, "excluded_lines": 0}, "missing_lines": [77, 78, 88, 89, 91, 92, 93, 94, 95, 99, 103, 105, 107, 109, 111, 112, 113, 114, 119, 133, 134, 144, 145, 146, 147, 148, 149, 150, 154, 156, 157, 158, 159, 160, 176, 177, 180, 181, 183, 184, 185, 187], "excluded_lines": []}, "get_db_session": {"executed_lines": [], "summary": {"covered_lines": 0, "num_statements": 2, "percent_covered": 0.0, "percent_covered_display": "0", "missing_lines": 2, "excluded_lines": 0}, "missing_lines": [197, 198], "excluded_lines": []}, "": {"executed_lines": [1, 4, 5, 7, 8, 9, 11, 12, 13, 15, 19, 26, 190], "summary": {"covered_lines": 11, "num_statements": 11, "percent_covered": 100.0, "percent_covered_display": "100", "missing_lines": 0, "excluded_lines": 2}, "missing_lines": [], "excluded_lines": [15, 16]}}, "classes": {"": {"executed_lines": [1, 4, 5, 7, 8, 9, 11, 12, 13, 15, 19, 26, 45, 47, 53, 56, 57, 58, 59, 62, 63, 64, 65, 66, 69, 71, 73, 74, 75, 76, 79, 81, 82, 83, 85, 86, 87, 102, 117, 120, 121, 125, 126, 127, 129, 130, 131, 132, 135, 137, 138, 139, 141, 142, 143, 153, 163, 164, 166, 167, 170, 172, 174, 175, 190], "summary": {"covered_lines": 63, "num_statements": 107, "percent_covered": 58.87850467289719, "percent_covered_display": "59", "missing_lines": 44, "excluded_lines": 2}, "missing_lines": [77, 78, 88, 89, 91, 92, 93, 94, 95, 99, 103, 105, 107, 109, 111, 112, 113, 114, 119, 133, 134, 144, 145, 146, 147, 148, 149, 150, 154, 156, 157, 158, 159, 160, 176, 177, 180, 181, 183, 184, 185, 187, 197, 198], "excluded_lines": [15, 16]}}}, "src/api/middleware/__init__.py": {"executed_lines": [1], "summary": {"covered_lines": 0, "num_statements": 0, "percent_covered": 100.0, "percent_covered_display": "100", "missing_lines": 0, "excluded_lines": 0}, "missing_lines": [], "excluded_lines": [], "functions": {"": {"executed_lines": [1], "summary": {"covered_lines": 0, "num_statements": 0, "percent_covered": 100.0, "percent_covered_display": "100", "missing_lines": 0, "excluded_lines": 0}, "missing_lines": [], "excluded_lines": []}}, "classes": {"": {"executed_lines": [1], "summary": {"covered_lines": 0, "num_statements": 0, "percent_covered": 100.0, "percent_covered_display": "100", "missing_lines": 0, "excluded_lines": 0}, "missing_lines": [], "excluded_lines": []}}}, "src/api/middleware/auth.py": {"executed_lines": [1, 3, 4, 6, 7, 8, 10, 11, 12, 14, 17, 29, 33, 37, 69, 73, 74, 75, 77, 81, 82, 83, 84, 85, 88, 89, 92, 93, 95, 96, 97, 102, 103, 107, 109, 113, 114, 115, 116, 117, 118, 122, 123, 127, 129, 132, 142, 143, 144, 145, 150, 151, 152, 153, 155, 158, 159, 160, 163, 168, 169], "summary": {"covered_lines": 60, "num_statements": 95, "percent_covered": 63.1578947368421, "percent_covered_display": "63", "missing_lines": 35, "excluded_lines": 0}, "missing_lines": [34, 70, 71, 104, 105, 106, 124, 125, 126, 133, 136, 137, 146, 147, 170, 172, 173, 177, 178, 179, 180, 181, 182, 183, 184, 186, 190, 191, 192, 193, 194, 195, 196, 197, 198], "excluded_lines": [], "functions": {"auth_middleware": {"executed_lines": [29, 33, 37, 69, 73, 74, 75, 77, 81, 82, 83, 84, 85, 88, 89, 92, 93, 95, 96, 97, 102, 103, 107, 109, 113, 114, 115, 116, 117, 118, 122, 123, 127, 129, 132, 142, 143, 144, 145, 150, 151, 152, 153, 155, 158, 159, 160, 163, 168, 169], "summary": {"covered_lines": 50, "num_statements": 85, "percent_covered": 58.8235294117647, "percent_covered_display": "59", "missing_lines": 35, "excluded_lines": 0}, "missing_lines": [34, 70, 71, 104, 105, 106, 124, 125, 126, 133, 136, 137, 146, 147, 170, 172, 173, 177, 178, 179, 180, 181, 182, 183, 184, 186, 190, 191, 192, 193, 194, 195, 196, 197, 198], "excluded_lines": []}, "": {"executed_lines": [1, 3, 4, 6, 7, 8, 10, 11, 12, 14, 17], "summary": {"covered_lines": 10, "num_statements": 10, "percent_covered": 100.0, "percent_covered_display": "100", "missing_lines": 0, "excluded_lines": 0}, "missing_lines": [], "excluded_lines": []}}, "classes": {"": {"executed_lines": [1, 3, 4, 6, 7, 8, 10, 11, 12, 14, 17, 29, 33, 37, 69, 73, 74, 75, 77, 81, 82, 83, 84, 85, 88, 89, 92, 93, 95, 96, 97, 102, 103, 107, 109, 113, 114, 115, 116, 117, 118, 122, 123, 127, 129, 132, 142, 143, 144, 145, 150, 151, 152, 153, 155, 158, 159, 160, 163, 168, 169], "summary": {"covered_lines": 60, "num_statements": 95, "percent_covered": 63.1578947368421, "percent_covered_display": "63", "missing_lines": 35, "excluded_lines": 0}, "missing_lines": [34, 70, 71, 104, 105, 106, 124, 125, 126, 133, 136, 137, 146, 147, 170, 172, 173, 177, 178, 179, 180, 181, 182, 183, 184, 186, 190, 191, 192, 193, 194, 195, 196, 197, 198], "excluded_lines": []}}}, "src/api/middleware/cors.py": {"executed_lines": [1, 3, 4, 6, 9, 16], "summary": {"covered_lines": 5, "num_statements": 5, "percent_covered": 100.0, "percent_covered_display": "100", "missing_lines": 0, "excluded_lines": 0}, "missing_lines": [], "excluded_lines": [], "functions": {"setup_cors": {"executed_lines": [16], "summary": {"covered_lines": 1, "num_statements": 1, "percent_covered": 100.0, "percent_covered_display": "100", "missing_lines": 0, "excluded_lines": 0}, "missing_lines": [], "excluded_lines": []}, "": {"executed_lines": [1, 3, 4, 6, 9], "summary": {"covered_lines": 4, "num_statements": 4, "percent_covered": 100.0, "percent_covered_display": "100", "missing_lines": 0, "excluded_lines": 0}, "missing_lines": [], "excluded_lines": []}}, "classes": {"": {"executed_lines": [1, 3, 4, 6, 9, 16], "summary": {"covered_lines": 5, "num_statements": 5, "percent_covered": 100.0, "percent_covered_display": "100", "missing_lines": 0, "excluded_lines": 0}, "missing_lines": [], "excluded_lines": []}}}, "src/api/middleware/idempotency.py": {"executed_lines": [1, 3, 4, 5, 7, 8, 10, 11, 13, 16, 23, 26, 27], "summary": {"covered_lines": 12, "num_statements": 53, "percent_covered": 22.641509433962263, "percent_covered_display": "23", "missing_lines": 41, "excluded_lines": 0}, "missing_lines": [29, 30, 31, 33, 34, 37, 44, 47, 48, 49, 50, 51, 55, 56, 59, 61, 67, 68, 73, 74, 75, 77, 80, 81, 82, 86, 87, 89, 92, 95, 96, 97, 100, 103, 110, 113, 114, 116, 118, 119, 121], "excluded_lines": [], "functions": {"idempotency_middleware": {"executed_lines": [23, 26, 27], "summary": {"covered_lines": 3, "num_statements": 44, "percent_covered": 6.818181818181818, "percent_covered_display": "7", "missing_lines": 41, "excluded_lines": 0}, "missing_lines": [29, 30, 31, 33, 34, 37, 44, 47, 48, 49, 50, 51, 55, 56, 59, 61, 67, 68, 73, 74, 75, 77, 80, 81, 82, 86, 87, 89, 92, 95, 96, 97, 100, 103, 110, 113, 114, 116, 118, 119, 121], "excluded_lines": []}, "": {"executed_lines": [1, 3, 4, 5, 7, 8, 10, 11, 13, 16], "summary": {"covered_lines": 9, "num_statements": 9, "percent_covered": 100.0, "percent_covered_display": "100", "missing_lines": 0, "excluded_lines": 0}, "missing_lines": [], "excluded_lines": []}}, "classes": {"": {"executed_lines": [1, 3, 4, 5, 7, 8, 10, 11, 13, 16, 23, 26, 27], "summary": {"covered_lines": 12, "num_statements": 53, "percent_covered": 22.641509433962263, "percent_covered_display": "23", "missing_lines": 41, "excluded_lines": 0}, "missing_lines": [29, 30, 31, 33, 34, 37, 44, 47, 48, 49, 50, 51, 55, 56, 59, 61, 67, 68, 73, 74, 75, 77, 80, 81, 82, 86, 87, 89, 92, 95, 96, 97, 100, 103, 110, 113, 114, 116, 118, 119, 121], "excluded_lines": []}}}, "src/api/middleware/rate_limit.py": {"executed_lines": [1, 3, 4, 6, 7, 9, 10, 12, 15, 26, 30, 34, 35, 39, 40, 41, 43, 44, 46, 47, 48, 54, 55, 58, 60, 65, 68, 69, 70, 71, 72, 73, 74, 82, 83, 87, 90, 91, 92, 93, 94, 111, 114, 115, 118, 119, 123, 124, 125, 128], "summary": {"covered_lines": 49, "num_statements": 66, "percent_covered": 74.24242424242425, "percent_covered_display": "74", "missing_lines": 17, "excluded_lines": 0}, "missing_lines": [27, 31, 42, 50, 51, 56, 84, 85, 86, 95, 96, 104, 105, 106, 107, 108, 109], "excluded_lines": [], "functions": {"rate_limit_middleware": {"executed_lines": [26, 30, 34, 35, 39, 40, 41, 43, 44, 46, 47, 48, 54, 55, 58, 60, 65, 68, 69, 70, 71, 72, 73, 74, 82, 83, 87, 90, 91, 92, 93, 94, 111, 114, 115, 118, 119, 123, 124, 125, 128], "summary": {"covered_lines": 41, "num_statements": 58, "percent_covered": 70.6896551724138, "percent_covered_display": "71", "missing_lines": 17, "excluded_lines": 0}, "missing_lines": [27, 31, 42, 50, 51, 56, 84, 85, 86, 95, 96, 104, 105, 106, 107, 108, 109], "excluded_lines": []}, "": {"executed_lines": [1, 3, 4, 6, 7, 9, 10, 12, 15], "summary": {"covered_lines": 8, "num_statements": 8, "percent_covered": 100.0, "percent_covered_display": "100", "missing_lines": 0, "excluded_lines": 0}, "missing_lines": [], "excluded_lines": []}}, "classes": {"": {"executed_lines": [1, 3, 4, 6, 7, 9, 10, 12, 15, 26, 30, 34, 35, 39, 40, 41, 43, 44, 46, 47, 48, 54, 55, 58, 60, 65, 68, 69, 70, 71, 72, 73, 74, 82, 83, 87, 90, 91, 92, 93, 94, 111, 114, 115, 118, 119, 123, 124, 125, 128], "summary": {"covered_lines": 49, "num_statements": 66, "percent_covered": 74.24242424242425, "percent_covered_display": "74", "missing_lines": 17, "excluded_lines": 0}, "missing_lines": [27, 31, 42, 50, 51, 56, 84, 85, 86, 95, 96, 104, 105, 106, 107, 108, 109], "excluded_lines": []}}}, "src/api/v1/__init__.py": {"executed_lines": [1], "summary": {"covered_lines": 0, "num_statements": 0, "percent_covered": 100.0, "percent_covered_display": "100", "missing_lines": 0, "excluded_lines": 0}, "missing_lines": [], "excluded_lines": [], "functions": {"": {"executed_lines": [1], "summary": {"covered_lines": 0, "num_statements": 0, "percent_covered": 100.0, "percent_covered_display": "100", "missing_lines": 0, "excluded_lines": 0}, "missing_lines": [], "excluded_lines": []}}, "classes": {"": {"executed_lines": [1], "summary": {"covered_lines": 0, "num_statements": 0, "percent_covered": 100.0, "percent_covered_display": "100", "missing_lines": 0, "excluded_lines": 0}, "missing_lines": [], "excluded_lines": []}}}, "src/api/v1/ai.py": {"executed_lines": [1, 3, 4, 5, 7, 8, 9, 11, 12, 13, 14, 15, 21, 22, 23, 48, 49, 50, 52, 53, 56, 64, 82, 83, 84, 89, 91, 94, 95, 96, 97, 98, 103, 110, 111, 122, 139, 140, 141, 156, 164, 340, 348, 365, 366, 367, 383, 391, 419, 420, 421, 422, 448, 456, 491, 499, 517, 518, 519, 520, 536, 544, 562, 563, 564, 565, 582, 590, 608, 609, 610, 611, 627, 635, 653, 654, 655, 656, 672, 679, 720, 728, 745, 746, 747, 763, 771, 787, 788, 804, 812, 828, 829, 833, 841, 857, 858, 861, 869, 885, 887, 888, 889, 892, 900, 975, 983, 999, 1000, 1001, 1004, 1012, 1028, 1029, 1030, 1033, 1041, 1057, 1058, 1061, 1073], "summary": {"covered_lines": 120, "num_statements": 330, "percent_covered": 36.36363636363637, "percent_covered_display": "36", "missing_lines": 210, "excluded_lines": 0}, "missing_lines": [85, 86, 87, 88, 123, 124, 125, 131, 132, 133, 134, 135, 136, 142, 143, 145, 146, 148, 150, 151, 153, 185, 190, 191, 192, 195, 196, 197, 198, 199, 200, 202, 203, 235, 236, 240, 241, 275, 276, 279, 280, 282, 286, 288, 293, 294, 305, 306, 310, 311, 312, 368, 369, 371, 372, 374, 376, 377, 379, 380, 423, 424, 426, 427, 429, 431, 432, 434, 435, 473, 474, 475, 476, 477, 479, 480, 482, 484, 485, 487, 488, 521, 522, 524, 525, 527, 529, 530, 532, 533, 566, 567, 569, 570, 572, 574, 575, 577, 578, 579, 612, 613, 615, 616, 618, 620, 621, 623, 624, 657, 658, 660, 661, 663, 665, 666, 668, 669, 695, 696, 697, 698, 699, 700, 702, 703, 705, 707, 708, 710, 711, 713, 748, 749, 751, 752, 754, 756, 757, 759, 760, 791, 792, 794, 795, 796, 797, 799, 801, 830, 918, 920, 921, 925, 926, 927, 930, 932, 934, 935, 936, 937, 938, 939, 940, 941, 942, 944, 946, 948, 949, 953, 954, 955, 956, 958, 962, 963, 965, 967, 1080, 1081, 1082, 1083, 1084, 1085, 1086, 1087, 1089, 1092, 1093, 1094, 1095, 1096, 1101, 1107, 1108, 1119, 1120, 1121, 1122, 1127, 1128, 1129, 1130, 1131, 1132, 1134, 1135, 1142], "excluded_lines": [], "functions": {"process_query": {"executed_lines": [82, 83, 84, 89, 91, 94, 95, 96, 97, 98, 103, 110, 111, 122, 139, 140, 141], "summary": {"covered_lines": 17, "num_statements": 38, "percent_covered": 44.73684210526316, "percent_covered_display": "45", "missing_lines": 21, "excluded_lines": 0}, "missing_lines": [85, 86, 87, 88, 123, 124, 125, 131, 132, 133, 134, 135, 136, 142, 143, 145, 146, 148, 150, 151, 153], "excluded_lines": []}, "chat_bootstrap": {"executed_lines": [], "summary": {"covered_lines": 0, "num_statements": 30, "percent_covered": 0.0, "percent_covered_display": "0", "missing_lines": 30, "excluded_lines": 0}, "missing_lines": [185, 190, 191, 192, 195, 196, 197, 198, 199, 200, 202, 203, 235, 236, 240, 241, 275, 276, 279, 280, 282, 286, 288, 293, 294, 305, 306, 310, 311, 312], "excluded_lines": []}, "send_chat_message": {"executed_lines": [365, 366, 367], "summary": {"covered_lines": 3, "num_statements": 12, "percent_covered": 25.0, "percent_covered_display": "25", "missing_lines": 9, "excluded_lines": 0}, "missing_lines": [368, 369, 371, 372, 374, 376, 377, 379, 380], "excluded_lines": []}, "get_history": {"executed_lines": [419, 420, 421, 422], "summary": {"covered_lines": 4, "num_statements": 13, "percent_covered": 30.76923076923077, "percent_covered_display": "31", "missing_lines": 9, "excluded_lines": 0}, "missing_lines": [423, 424, 426, 427, 429, 431, 432, 434, 435], "excluded_lines": []}, "create_history": {"executed_lines": [], "summary": {"covered_lines": 0, "num_statements": 12, "percent_covered": 0.0, "percent_covered_display": "0", "missing_lines": 12, "excluded_lines": 0}, "missing_lines": [473, 474, 475, 476, 477, 479, 480, 482, 484, 485, 487, 488], "excluded_lines": []}, "get_history_by_id": {"executed_lines": [517, 518, 519, 520], "summary": {"covered_lines": 4, "num_statements": 13, "percent_covered": 30.76923076923077, "percent_covered_display": "31", "missing_lines": 9, "excluded_lines": 0}, "missing_lines": [521, 522, 524, 525, 527, 529, 530, 532, 533], "excluded_lines": []}, "delete_history": {"executed_lines": [562, 563, 564, 565], "summary": {"covered_lines": 4, "num_statements": 14, "percent_covered": 28.571428571428573, "percent_covered_display": "29", "missing_lines": 10, "excluded_lines": 0}, "missing_lines": [566, 567, 569, 570, 572, 574, 575, 577, 578, 579], "excluded_lines": []}, "pin_history": {"executed_lines": [608, 609, 610, 611], "summary": {"covered_lines": 4, "num_statements": 13, "percent_covered": 30.76923076923077, "percent_covered_display": "31", "missing_lines": 9, "excluded_lines": 0}, "missing_lines": [612, 613, 615, 616, 618, 620, 621, 623, 624], "excluded_lines": []}, "unpin_history": {"executed_lines": [653, 654, 655, 656], "summary": {"covered_lines": 4, "num_statements": 13, "percent_covered": 30.76923076923077, "percent_covered_display": "31", "missing_lines": 9, "excluded_lines": 0}, "missing_lines": [657, 658, 660, 661, 663, 665, 666, 668, 669], "excluded_lines": []}, "export_history": {"executed_lines": [], "summary": {"covered_lines": 0, "num_statements": 14, "percent_covered": 0.0, "percent_covered_display": "0", "missing_lines": 14, "excluded_lines": 0}, "missing_lines": [695, 696, 697, 698, 699, 700, 702, 703, 705, 707, 708, 710, 711, 713], "excluded_lines": []}, "execute_pipeline": {"executed_lines": [745, 746, 747], "summary": {"covered_lines": 3, "num_statements": 12, "percent_covered": 25.0, "percent_covered_display": "25", "missing_lines": 9, "excluded_lines": 0}, "missing_lines": [748, 749, 751, 752, 754, 756, 757, 759, 760], "excluded_lines": []}, "get_pipeline_status": {"executed_lines": [787, 788], "summary": {"covered_lines": 2, "num_statements": 10, "percent_covered": 20.0, "percent_covered_display": "20", "missing_lines": 8, "excluded_lines": 0}, "missing_lines": [791, 792, 794, 795, 796, 797, 799, 801], "excluded_lines": []}, "get_pipeline_logs": {"executed_lines": [828, 829], "summary": {"covered_lines": 2, "num_statements": 3, "percent_covered": 66.66666666666667, "percent_covered_display": "67", "missing_lines": 1, "excluded_lines": 0}, "missing_lines": [830], "excluded_lines": []}, "generate_sql": {"executed_lines": [857, 858], "summary": {"covered_lines": 2, "num_statements": 2, "percent_covered": 100.0, "percent_covered_display": "100", "missing_lines": 0, "excluded_lines": 0}, "missing_lines": [], "excluded_lines": []}, "generate_answer": {"executed_lines": [885, 887, 888, 889], "summary": {"covered_lines": 4, "num_statements": 4, "percent_covered": 100.0, "percent_covered_display": "100", "missing_lines": 0, "excluded_lines": 0}, "missing_lines": [], "excluded_lines": []}, "generate_infographic": {"executed_lines": [], "summary": {"covered_lines": 0, "num_statements": 30, "percent_covered": 0.0, "percent_covered_display": "0", "missing_lines": 30, "excluded_lines": 0}, "missing_lines": [918, 920, 921, 925, 926, 927, 930, 932, 934, 935, 936, 937, 938, 939, 940, 941, 942, 944, 946, 948, 949, 953, 954, 955, 956, 958, 962, 963, 965, 967], "excluded_lines": []}, "analyze_question": {"executed_lines": [999, 1000, 1001], "summary": {"covered_lines": 3, "num_statements": 3, "percent_covered": 100.0, "percent_covered_display": "100", "missing_lines": 0, "excluded_lines": 0}, "missing_lines": [], "excluded_lines": []}, "submit_feedback": {"executed_lines": [1028, 1029, 1030], "summary": {"covered_lines": 3, "num_statements": 3, "percent_covered": 100.0, "percent_covered_display": "100", "missing_lines": 0, "excluded_lines": 0}, "missing_lines": [], "excluded_lines": []}, "validate_sql": {"executed_lines": [1057, 1058], "summary": {"covered_lines": 2, "num_statements": 2, "percent_covered": 100.0, "percent_covered_display": "100", "missing_lines": 0, "excluded_lines": 0}, "missing_lines": [], "excluded_lines": []}, "suggest_widget_title": {"executed_lines": [], "summary": {"covered_lines": 0, "num_statements": 30, "percent_covered": 0.0, "percent_covered_display": "0", "missing_lines": 30, "excluded_lines": 0}, "missing_lines": [1080, 1081, 1082, 1083, 1084, 1085, 1086, 1087, 1089, 1092, 1093, 1094, 1095, 1096, 1101, 1107, 1108, 1119, 1120, 1121, 1122, 1127, 1128, 1129, 1130, 1131, 1132, 1134, 1135, 1142], "excluded_lines": []}, "": {"executed_lines": [1, 3, 4, 5, 7, 8, 9, 11, 12, 13, 14, 15, 21, 22, 23, 48, 49, 50, 52, 53, 56, 64, 156, 164, 340, 348, 383, 391, 448, 456, 491, 499, 536, 544, 582, 590, 627, 635, 672, 679, 720, 728, 763, 771, 804, 812, 833, 841, 861, 869, 892, 900, 975, 983, 1004, 1012, 1033, 1041, 1061, 1073], "summary": {"covered_lines": 59, "num_statements": 59, "percent_covered": 100.0, "percent_covered_display": "100", "missing_lines": 0, "excluded_lines": 0}, "missing_lines": [], "excluded_lines": []}}, "classes": {"": {"executed_lines": [1, 3, 4, 5, 7, 8, 9, 11, 12, 13, 14, 15, 21, 22, 23, 48, 49, 50, 52, 53, 56, 64, 82, 83, 84, 89, 91, 94, 95, 96, 97, 98, 103, 110, 111, 122, 139, 140, 141, 156, 164, 340, 348, 365, 366, 367, 383, 391, 419, 420, 421, 422, 448, 456, 491, 499, 517, 518, 519, 520, 536, 544, 562, 563, 564, 565, 582, 590, 608, 609, 610, 611, 627, 635, 653, 654, 655, 656, 672, 679, 720, 728, 745, 746, 747, 763, 771, 787, 788, 804, 812, 828, 829, 833, 841, 857, 858, 861, 869, 885, 887, 888, 889, 892, 900, 975, 983, 999, 1000, 1001, 1004, 1012, 1028, 1029, 1030, 1033, 1041, 1057, 1058, 1061, 1073], "summary": {"covered_lines": 120, "num_statements": 330, "percent_covered": 36.36363636363637, "percent_covered_display": "36", "missing_lines": 210, "excluded_lines": 0}, "missing_lines": [85, 86, 87, 88, 123, 124, 125, 131, 132, 133, 134, 135, 136, 142, 143, 145, 146, 148, 150, 151, 153, 185, 190, 191, 192, 195, 196, 197, 198, 199, 200, 202, 203, 235, 236, 240, 241, 275, 276, 279, 280, 282, 286, 288, 293, 294, 305, 306, 310, 311, 312, 368, 369, 371, 372, 374, 376, 377, 379, 380, 423, 424, 426, 427, 429, 431, 432, 434, 435, 473, 474, 475, 476, 477, 479, 480, 482, 484, 485, 487, 488, 521, 522, 524, 525, 527, 529, 530, 532, 533, 566, 567, 569, 570, 572, 574, 575, 577, 578, 579, 612, 613, 615, 616, 618, 620, 621, 623, 624, 657, 658, 660, 661, 663, 665, 666, 668, 669, 695, 696, 697, 698, 699, 700, 702, 703, 705, 707, 708, 710, 711, 713, 748, 749, 751, 752, 754, 756, 757, 759, 760, 791, 792, 794, 795, 796, 797, 799, 801, 830, 918, 920, 921, 925, 926, 927, 930, 932, 934, 935, 936, 937, 938, 939, 940, 941, 942, 944, 946, 948, 949, 953, 954, 955, 956, 958, 962, 963, 965, 967, 1080, 1081, 1082, 1083, 1084, 1085, 1086, 1087, 1089, 1092, 1093, 1094, 1095, 1096, 1101, 1107, 1108, 1119, 1120, 1121, 1122, 1127, 1128, 1129, 1130, 1131, 1132, 1134, 1135, 1142], "excluded_lines": []}}}, "src/api/v1/auth.py": {"executed_lines": [1, 3, 4, 5, 7, 8, 9, 11, 15, 16, 17, 18, 19, 20, 38, 39, 40, 41, 43, 46, 54, 80, 88, 103, 104, 105, 122, 129, 143, 144, 148, 156, 170, 171, 174, 182, 194, 197, 205, 234, 241, 257, 260, 268, 287, 290, 298, 317, 320, 328, 340, 343, 351, 365, 366, 367, 370, 378, 392, 393, 397, 405, 431, 439, 456, 457, 458, 474, 482, 500, 501, 505, 513, 535, 543, 563, 566, 567, 593, 600, 621, 622, 624, 627, 628, 629, 632, 633, 634, 644, 645, 646, 656, 657, 658, 674, 686, 709, 710], "summary": {"covered_lines": 98, "num_statements": 156, "percent_covered": 62.82051282051282, "percent_covered_display": "63", "missing_lines": 58, "excluded_lines": 0}, "missing_lines": [72, 73, 111, 112, 114, 116, 117, 119, 145, 212, 213, 214, 215, 216, 217, 218, 220, 221, 227, 394, 421, 422, 425, 459, 467, 468, 502, 530, 531, 532, 569, 570, 578, 580, 582, 635, 636, 643, 647, 648, 655, 659, 660, 667, 669, 671, 712, 716, 717, 720, 721, 722, 723, 724, 725, 727, 730, 731], "excluded_lines": [], "functions": {"register": {"executed_lines": [], "summary": {"covered_lines": 0, "num_statements": 2, "percent_covered": 0.0, "percent_covered_display": "0", "missing_lines": 2, "excluded_lines": 0}, "missing_lines": [72, 73], "excluded_lines": []}, "login": {"executed_lines": [103, 104, 105], "summary": {"covered_lines": 3, "num_statements": 9, "percent_covered": 33.333333333333336, "percent_covered_display": "33", "missing_lines": 6, "excluded_lines": 0}, "missing_lines": [111, 112, 114, 116, 117, 119], "excluded_lines": []}, "logout": {"executed_lines": [143, 144], "summary": {"covered_lines": 2, "num_statements": 3, "percent_covered": 66.66666666666667, "percent_covered_display": "67", "missing_lines": 1, "excluded_lines": 0}, "missing_lines": [145], "excluded_lines": []}, "refresh_token": {"executed_lines": [170, 171], "summary": {"covered_lines": 2, "num_statements": 2, "percent_covered": 100.0, "percent_covered_display": "100", "missing_lines": 0, "excluded_lines": 0}, "missing_lines": [], "excluded_lines": []}, "get_me": {"executed_lines": [194], "summary": {"covered_lines": 1, "num_statements": 1, "percent_covered": 100.0, "percent_covered_display": "100", "missing_lines": 0, "excluded_lines": 0}, "missing_lines": [], "excluded_lines": []}, "get_effective_permissions": {"executed_lines": [], "summary": {"covered_lines": 0, "num_statements": 4, "percent_covered": 0.0, "percent_covered_display": "0", "missing_lines": 4, "excluded_lines": 0}, "missing_lines": [212, 220, 221, 227], "excluded_lines": []}, "get_effective_permissions._to_uuid": {"executed_lines": [], "summary": {"covered_lines": 0, "num_statements": 6, "percent_covered": 0.0, "percent_covered_display": "0", "missing_lines": 6, "excluded_lines": 0}, "missing_lines": [213, 214, 215, 216, 217, 218], "excluded_lines": []}, "forgot_password": {"executed_lines": [257], "summary": {"covered_lines": 1, "num_statements": 1, "percent_covered": 100.0, "percent_covered_display": "100", "missing_lines": 0, "excluded_lines": 0}, "missing_lines": [], "excluded_lines": []}, "reset_password": {"executed_lines": [287], "summary": {"covered_lines": 1, "num_statements": 1, "percent_covered": 100.0, "percent_covered_display": "100", "missing_lines": 0, "excluded_lines": 0}, "missing_lines": [], "excluded_lines": []}, "verify_email": {"executed_lines": [317], "summary": {"covered_lines": 1, "num_statements": 1, "percent_covered": 100.0, "percent_covered_display": "100", "missing_lines": 0, "excluded_lines": 0}, "missing_lines": [], "excluded_lines": []}, "get_session": {"executed_lines": [340], "summary": {"covered_lines": 1, "num_statements": 1, "percent_covered": 100.0, "percent_covered_display": "100", "missing_lines": 0, "excluded_lines": 0}, "missing_lines": [], "excluded_lines": []}, "get_sessions": {"executed_lines": [365, 366, 367], "summary": {"covered_lines": 3, "num_statements": 3, "percent_covered": 100.0, "percent_covered_display": "100", "missing_lines": 0, "excluded_lines": 0}, "missing_lines": [], "excluded_lines": []}, "revoke_all_sessions": {"executed_lines": [392, 393], "summary": {"covered_lines": 2, "num_statements": 3, "percent_covered": 66.66666666666667, "percent_covered_display": "67", "missing_lines": 1, "excluded_lines": 0}, "missing_lines": [394], "excluded_lines": []}, "change_password": {"executed_lines": [], "summary": {"covered_lines": 0, "num_statements": 3, "percent_covered": 0.0, "percent_covered_display": "0", "missing_lines": 3, "excluded_lines": 0}, "missing_lines": [421, 422, 425], "excluded_lines": []}, "validate_invite": {"executed_lines": [456, 457, 458], "summary": {"covered_lines": 3, "num_statements": 6, "percent_covered": 50.0, "percent_covered_display": "50", "missing_lines": 3, "excluded_lines": 0}, "missing_lines": [459, 467, 468], "excluded_lines": []}, "login_with_invite": {"executed_lines": [500, 501], "summary": {"covered_lines": 2, "num_statements": 3, "percent_covered": 66.66666666666667, "percent_covered_display": "67", "missing_lines": 1, "excluded_lines": 0}, "missing_lines": [502], "excluded_lines": []}, "accept_invite_endpoint": {"executed_lines": [], "summary": {"covered_lines": 0, "num_statements": 3, "percent_covered": 0.0, "percent_covered_display": "0", "missing_lines": 3, "excluded_lines": 0}, "missing_lines": [530, 531, 532], "excluded_lines": []}, "generate_invite": {"executed_lines": [563, 566, 567], "summary": {"covered_lines": 3, "num_statements": 8, "percent_covered": 37.5, "percent_covered_display": "38", "missing_lines": 5, "excluded_lines": 0}, "missing_lines": [569, 570, 578, 580, 582], "excluded_lines": []}, "sso_login": {"executed_lines": [621, 622, 624, 627, 628, 629, 632, 633, 634, 644, 645, 646, 656, 657, 658], "summary": {"covered_lines": 15, "num_statements": 26, "percent_covered": 57.69230769230769, "percent_covered_display": "58", "missing_lines": 11, "excluded_lines": 0}, "missing_lines": [635, 636, 643, 647, 648, 655, 659, 660, 667, 669, 671], "excluded_lines": []}, "sso_callback": {"executed_lines": [709, 710], "summary": {"covered_lines": 2, "num_statements": 14, "percent_covered": 14.285714285714286, "percent_covered_display": "14", "missing_lines": 12, "excluded_lines": 0}, "missing_lines": [712, 716, 717, 720, 721, 722, 723, 724, 725, 727, 730, 731], "excluded_lines": []}, "": {"executed_lines": [1, 3, 4, 5, 7, 8, 9, 11, 15, 16, 17, 18, 19, 20, 38, 39, 40, 41, 43, 46, 54, 80, 88, 122, 129, 148, 156, 174, 182, 197, 205, 234, 241, 260, 268, 290, 298, 320, 328, 343, 351, 370, 378, 397, 405, 431, 439, 474, 482, 505, 513, 535, 543, 593, 600, 674, 686], "summary": {"covered_lines": 56, "num_statements": 56, "percent_covered": 100.0, "percent_covered_display": "100", "missing_lines": 0, "excluded_lines": 0}, "missing_lines": [], "excluded_lines": []}}, "classes": {"": {"executed_lines": [1, 3, 4, 5, 7, 8, 9, 11, 15, 16, 17, 18, 19, 20, 38, 39, 40, 41, 43, 46, 54, 80, 88, 103, 104, 105, 122, 129, 143, 144, 148, 156, 170, 171, 174, 182, 194, 197, 205, 234, 241, 257, 260, 268, 287, 290, 298, 317, 320, 328, 340, 343, 351, 365, 366, 367, 370, 378, 392, 393, 397, 405, 431, 439, 456, 457, 458, 474, 482, 500, 501, 505, 513, 535, 543, 563, 566, 567, 593, 600, 621, 622, 624, 627, 628, 629, 632, 633, 634, 644, 645, 646, 656, 657, 658, 674, 686, 709, 710], "summary": {"covered_lines": 98, "num_statements": 156, "percent_covered": 62.82051282051282, "percent_covered_display": "63", "missing_lines": 58, "excluded_lines": 0}, "missing_lines": [72, 73, 111, 112, 114, 116, 117, 119, 145, 212, 213, 214, 215, 216, 217, 218, 220, 221, 227, 394, 421, 422, 425, 459, 467, 468, 502, 530, 531, 532, 569, 570, 578, 580, 582, 635, 636, 643, 647, 648, 655, 659, 660, 667, 669, 671, 712, 716, 717, 720, 721, 722, 723, 724, 725, 727, 730, 731], "excluded_lines": []}}}, "src/api/v1/comments.py": {"executed_lines": [1, 3, 4, 6, 8, 9, 10, 11, 12, 14, 17, 18, 24, 25, 28, 29, 35, 36], "summary": {"covered_lines": 17, "num_statements": 17, "percent_covered": 100.0, "percent_covered_display": "100", "missing_lines": 0, "excluded_lines": 0}, "missing_lines": [], "excluded_lines": [], "functions": {"create_comment": {"executed_lines": [24, 25], "summary": {"covered_lines": 2, "num_statements": 2, "percent_covered": 100.0, "percent_covered_display": "100", "missing_lines": 0, "excluded_lines": 0}, "missing_lines": [], "excluded_lines": []}, "list_comments": {"executed_lines": [35, 36], "summary": {"covered_lines": 2, "num_statements": 2, "percent_covered": 100.0, "percent_covered_display": "100", "missing_lines": 0, "excluded_lines": 0}, "missing_lines": [], "excluded_lines": []}, "": {"executed_lines": [1, 3, 4, 6, 8, 9, 10, 11, 12, 14, 17, 18, 28, 29], "summary": {"covered_lines": 13, "num_statements": 13, "percent_covered": 100.0, "percent_covered_display": "100", "missing_lines": 0, "excluded_lines": 0}, "missing_lines": [], "excluded_lines": []}}, "classes": {"": {"executed_lines": [1, 3, 4, 6, 8, 9, 10, 11, 12, 14, 17, 18, 24, 25, 28, 29, 35, 36], "summary": {"covered_lines": 17, "num_statements": 17, "percent_covered": 100.0, "percent_covered_display": "100", "missing_lines": 0, "excluded_lines": 0}, "missing_lines": [], "excluded_lines": []}}}, "src/api/v1/connections.py": {"executed_lines": [1, 3, 4, 5, 7, 8, 10, 11, 12, 13, 14, 26, 27, 29, 31, 32, 35, 45, 53, 75, 76, 81, 89, 105, 106, 109, 117, 133, 134, 136, 137, 140, 148, 164, 166, 167, 171, 172, 173, 175, 176, 188, 196, 214, 215, 217, 218, 221, 229, 245, 246, 249, 257, 273, 274, 277, 285, 301, 302, 305, 313, 335, 343, 359, 360, 364, 372, 392, 400, 416, 417, 420, 428, 443, 451, 467, 468, 471, 479, 511, 519, 553, 561], "summary": {"covered_lines": 82, "num_statements": 115, "percent_covered": 71.30434782608695, "percent_covered_display": "71", "missing_lines": 33, "excluded_lines": 0}, "missing_lines": [40, 41, 42, 177, 180, 181, 182, 185, 331, 332, 361, 388, 389, 439, 440, 489, 490, 494, 495, 496, 529, 530, 535, 536, 537, 576, 577, 579, 580, 582, 584, 590, 591], "excluded_lines": [], "functions": {"_resolve_user_crew_ids": {"executed_lines": [], "summary": {"covered_lines": 0, "num_statements": 3, "percent_covered": 0.0, "percent_covered_display": "0", "missing_lines": 3, "excluded_lines": 0}, "missing_lines": [40, 41, 42], "excluded_lines": []}, "list_connections": {"executed_lines": [75, 76], "summary": {"covered_lines": 2, "num_statements": 2, "percent_covered": 100.0, "percent_covered_display": "100", "missing_lines": 0, "excluded_lines": 0}, "missing_lines": [], "excluded_lines": []}, "get_connection": {"executed_lines": [105, 106], "summary": {"covered_lines": 2, "num_statements": 2, "percent_covered": 100.0, "percent_covered_display": "100", "missing_lines": 0, "excluded_lines": 0}, "missing_lines": [], "excluded_lines": []}, "create_connection": {"executed_lines": [133, 134, 136, 137], "summary": {"covered_lines": 4, "num_statements": 4, "percent_covered": 100.0, "percent_covered_display": "100", "missing_lines": 0, "excluded_lines": 0}, "missing_lines": [], "excluded_lines": []}, "delete_connection": {"executed_lines": [164, 166, 167, 171, 172, 173, 175, 176], "summary": {"covered_lines": 8, "num_statements": 13, "percent_covered": 61.53846153846154, "percent_covered_display": "62", "missing_lines": 5, "excluded_lines": 0}, "missing_lines": [177, 180, 181, 182, 185], "excluded_lines": []}, "update_connection": {"executed_lines": [214, 215, 217, 218], "summary": {"covered_lines": 4, "num_statements": 4, "percent_covered": 100.0, "percent_covered_display": "100", "missing_lines": 0, "excluded_lines": 0}, "missing_lines": [], "excluded_lines": []}, "test_connection": {"executed_lines": [245, 246], "summary": {"covered_lines": 2, "num_statements": 2, "percent_covered": 100.0, "percent_covered_display": "100", "missing_lines": 0, "excluded_lines": 0}, "missing_lines": [], "excluded_lines": []}, "sync_connection": {"executed_lines": [273, 274], "summary": {"covered_lines": 2, "num_statements": 2, "percent_covered": 100.0, "percent_covered_display": "100", "missing_lines": 0, "excluded_lines": 0}, "missing_lines": [], "excluded_lines": []}, "get_connection_metadata": {"executed_lines": [301, 302], "summary": {"covered_lines": 2, "num_statements": 2, "percent_covered": 100.0, "percent_covered_display": "100", "missing_lines": 0, "excluded_lines": 0}, "missing_lines": [], "excluded_lines": []}, "update_connection_metadata": {"executed_lines": [], "summary": {"covered_lines": 0, "num_statements": 2, "percent_covered": 0.0, "percent_covered_display": "0", "missing_lines": 2, "excluded_lines": 0}, "missing_lines": [331, 332], "excluded_lines": []}, "get_connection_tables": {"executed_lines": [359, 360], "summary": {"covered_lines": 2, "num_statements": 3, "percent_covered": 66.66666666666667, "percent_covered_display": "67", "missing_lines": 1, "excluded_lines": 0}, "missing_lines": [361], "excluded_lines": []}, "get_connection_schemas": {"executed_lines": [], "summary": {"covered_lines": 0, "num_statements": 2, "percent_covered": 0.0, "percent_covered_display": "0", "missing_lines": 2, "excluded_lines": 0}, "missing_lines": [388, 389], "excluded_lines": []}, "get_connection_status": {"executed_lines": [416, 417], "summary": {"covered_lines": 2, "num_statements": 2, "percent_covered": 100.0, "percent_covered_display": "100", "missing_lines": 0, "excluded_lines": 0}, "missing_lines": [], "excluded_lines": []}, "get_connection_metrics": {"executed_lines": [], "summary": {"covered_lines": 0, "num_statements": 2, "percent_covered": 0.0, "percent_covered_display": "0", "missing_lines": 2, "excluded_lines": 0}, "missing_lines": [439, 440], "excluded_lines": []}, "validate_connection": {"executed_lines": [467, 468], "summary": {"covered_lines": 2, "num_statements": 2, "percent_covered": 100.0, "percent_covered_display": "100", "missing_lines": 0, "excluded_lines": 0}, "missing_lines": [], "excluded_lines": []}, "get_ai_catalog_status": {"executed_lines": [], "summary": {"covered_lines": 0, "num_statements": 5, "percent_covered": 0.0, "percent_covered_display": "0", "missing_lines": 5, "excluded_lines": 0}, "missing_lines": [489, 490, 494, 495, 496], "excluded_lines": []}, "refresh_ai_catalog": {"executed_lines": [], "summary": {"covered_lines": 0, "num_statements": 5, "percent_covered": 0.0, "percent_covered_display": "0", "missing_lines": 5, "excluded_lines": 0}, "missing_lines": [529, 530, 535, 536, 537], "excluded_lines": []}, "list_ai_catalog_tables": {"executed_lines": [], "summary": {"covered_lines": 0, "num_statements": 8, "percent_covered": 0.0, "percent_covered_display": "0", "missing_lines": 8, "excluded_lines": 0}, "missing_lines": [576, 577, 579, 580, 582, 584, 590, 591], "excluded_lines": []}, "": {"executed_lines": [1, 3, 4, 5, 7, 8, 10, 11, 12, 13, 14, 26, 27, 29, 31, 32, 35, 45, 53, 81, 89, 109, 117, 140, 148, 188, 196, 221, 229, 249, 257, 277, 285, 305, 313, 335, 343, 364, 372, 392, 400, 420, 428, 443, 451, 471, 479, 511, 519, 553, 561], "summary": {"covered_lines": 50, "num_statements": 50, "percent_covered": 100.0, "percent_covered_display": "100", "missing_lines": 0, "excluded_lines": 0}, "missing_lines": [], "excluded_lines": []}}, "classes": {"": {"executed_lines": [1, 3, 4, 5, 7, 8, 10, 11, 12, 13, 14, 26, 27, 29, 31, 32, 35, 45, 53, 75, 76, 81, 89, 105, 106, 109, 117, 133, 134, 136, 137, 140, 148, 164, 166, 167, 171, 172, 173, 175, 176, 188, 196, 214, 215, 217, 218, 221, 229, 245, 246, 249, 257, 273, 274, 277, 285, 301, 302, 305, 313, 335, 343, 359, 360, 364, 372, 392, 400, 416, 417, 420, 428, 443, 451, 467, 468, 471, 479, 511, 519, 553, 561], "summary": {"covered_lines": 82, "num_statements": 115, "percent_covered": 71.30434782608695, "percent_covered_display": "71", "missing_lines": 33, "excluded_lines": 0}, "missing_lines": [40, 41, 42, 177, 180, 181, 182, 185, 331, 332, 361, 388, 389, 439, 440, 489, 490, 494, 495, 496, 529, 530, 535, 536, 537, 576, 577, 579, 580, 582, 584, 590, 591], "excluded_lines": []}}}, "src/api/v1/connectors.py": {"executed_lines": [1, 3, 5, 6, 8, 9, 10, 11, 12, 14, 17, 25, 39, 40, 43, 51, 67, 68, 71, 79], "summary": {"covered_lines": 19, "num_statements": 21, "percent_covered": 90.47619047619048, "percent_covered_display": "90", "missing_lines": 2, "excluded_lines": 0}, "missing_lines": [93, 94], "excluded_lines": [], "functions": {"list_connectors": {"executed_lines": [39, 40], "summary": {"covered_lines": 2, "num_statements": 2, "percent_covered": 100.0, "percent_covered_display": "100", "missing_lines": 0, "excluded_lines": 0}, "missing_lines": [], "excluded_lines": []}, "get_connector": {"executed_lines": [67, 68], "summary": {"covered_lines": 2, "num_statements": 2, "percent_covered": 100.0, "percent_covered_display": "100", "missing_lines": 0, "excluded_lines": 0}, "missing_lines": [], "excluded_lines": []}, "get_categories": {"executed_lines": [], "summary": {"covered_lines": 0, "num_statements": 2, "percent_covered": 0.0, "percent_covered_display": "0", "missing_lines": 2, "excluded_lines": 0}, "missing_lines": [93, 94], "excluded_lines": []}, "": {"executed_lines": [1, 3, 5, 6, 8, 9, 10, 11, 12, 14, 17, 25, 43, 51, 71, 79], "summary": {"covered_lines": 15, "num_statements": 15, "percent_covered": 100.0, "percent_covered_display": "100", "missing_lines": 0, "excluded_lines": 0}, "missing_lines": [], "excluded_lines": []}}, "classes": {"": {"executed_lines": [1, 3, 5, 6, 8, 9, 10, 11, 12, 14, 17, 25, 39, 40, 43, 51, 67, 68, 71, 79], "summary": {"covered_lines": 19, "num_statements": 21, "percent_covered": 90.47619047619048, "percent_covered_display": "90", "missing_lines": 2, "excluded_lines": 0}, "missing_lines": [93, 94], "excluded_lines": []}}}, "src/api/v1/crews.py": {"executed_lines": [1, 3, 4, 6, 7, 9, 10, 11, 12, 22, 23, 25, 28, 36, 56, 57, 60, 68, 84, 85, 88, 100, 116, 117, 120, 128, 146, 147, 150, 158, 178, 190, 208, 210, 212, 215, 216, 224, 232, 248, 249, 252, 264, 282, 283, 286, 294, 312, 313, 317, 325, 345, 346, 348, 349, 352, 360], "summary": {"covered_lines": 56, "num_statements": 64, "percent_covered": 87.5, "percent_covered_display": "88", "missing_lines": 8, "excluded_lines": 0}, "missing_lines": [174, 175, 218, 219, 221, 314, 376, 377], "excluded_lines": [], "functions": {"list_crews": {"executed_lines": [56, 57], "summary": {"covered_lines": 2, "num_statements": 2, "percent_covered": 100.0, "percent_covered_display": "100", "missing_lines": 0, "excluded_lines": 0}, "missing_lines": [], "excluded_lines": []}, "get_crew": {"executed_lines": [84, 85], "summary": {"covered_lines": 2, "num_statements": 2, "percent_covered": 100.0, "percent_covered_display": "100", "missing_lines": 0, "excluded_lines": 0}, "missing_lines": [], "excluded_lines": []}, "create_crew": {"executed_lines": [116, 117], "summary": {"covered_lines": 2, "num_statements": 2, "percent_covered": 100.0, "percent_covered_display": "100", "missing_lines": 0, "excluded_lines": 0}, "missing_lines": [], "excluded_lines": []}, "update_crew": {"executed_lines": [146, 147], "summary": {"covered_lines": 2, "num_statements": 2, "percent_covered": 100.0, "percent_covered_display": "100", "missing_lines": 0, "excluded_lines": 0}, "missing_lines": [], "excluded_lines": []}, "get_crew_status": {"executed_lines": [], "summary": {"covered_lines": 0, "num_statements": 2, "percent_covered": 0.0, "percent_covered_display": "0", "missing_lines": 2, "excluded_lines": 0}, "missing_lines": [174, 175], "excluded_lines": []}, "delete_crew": {"executed_lines": [208, 210, 212, 215, 216], "summary": {"covered_lines": 5, "num_statements": 8, "percent_covered": 62.5, "percent_covered_display": "62", "missing_lines": 3, "excluded_lines": 0}, "missing_lines": [218, 219, 221], "excluded_lines": []}, "get_crew_members": {"executed_lines": [248, 249], "summary": {"covered_lines": 2, "num_statements": 2, "percent_covered": 100.0, "percent_covered_display": "100", "missing_lines": 0, "excluded_lines": 0}, "missing_lines": [], "excluded_lines": []}, "add_crew_member": {"executed_lines": [282, 283], "summary": {"covered_lines": 2, "num_statements": 2, "percent_covered": 100.0, "percent_covered_display": "100", "missing_lines": 0, "excluded_lines": 0}, "missing_lines": [], "excluded_lines": []}, "remove_crew_member": {"executed_lines": [312, 313], "summary": {"covered_lines": 2, "num_statements": 3, "percent_covered": 66.66666666666667, "percent_covered_display": "67", "missing_lines": 1, "excluded_lines": 0}, "missing_lines": [314], "excluded_lines": []}, "update_crew_member_role": {"executed_lines": [345, 346, 348, 349], "summary": {"covered_lines": 4, "num_statements": 4, "percent_covered": 100.0, "percent_covered_display": "100", "missing_lines": 0, "excluded_lines": 0}, "missing_lines": [], "excluded_lines": []}, "get_crew_stats": {"executed_lines": [], "summary": {"covered_lines": 0, "num_statements": 2, "percent_covered": 0.0, "percent_covered_display": "0", "missing_lines": 2, "excluded_lines": 0}, "missing_lines": [376, 377], "excluded_lines": []}, "": {"executed_lines": [1, 3, 4, 6, 7, 9, 10, 11, 12, 22, 23, 25, 28, 36, 60, 68, 88, 100, 120, 128, 150, 158, 178, 190, 224, 232, 252, 264, 286, 294, 317, 325, 352, 360], "summary": {"covered_lines": 33, "num_statements": 33, "percent_covered": 100.0, "percent_covered_display": "100", "missing_lines": 0, "excluded_lines": 0}, "missing_lines": [], "excluded_lines": []}}, "classes": {"": {"executed_lines": [1, 3, 4, 6, 7, 9, 10, 11, 12, 22, 23, 25, 28, 36, 56, 57, 60, 68, 84, 85, 88, 100, 116, 117, 120, 128, 146, 147, 150, 158, 178, 190, 208, 210, 212, 215, 216, 224, 232, 248, 249, 252, 264, 282, 283, 286, 294, 312, 313, 317, 325, 345, 346, 348, 349, 352, 360], "summary": {"covered_lines": 56, "num_statements": 64, "percent_covered": 87.5, "percent_covered_display": "88", "missing_lines": 8, "excluded_lines": 0}, "missing_lines": [174, 175, 218, 219, 221, 314, 376, 377], "excluded_lines": []}}}, "src/api/v1/dashboards.py": {"executed_lines": [1, 3, 4, 5, 7, 8, 10, 11, 12, 13, 14, 15, 16, 17, 18, 19, 29, 40, 41, 42, 44, 47, 60, 68, 88, 89, 90, 91, 96, 104, 120, 121, 122, 123, 126, 134, 150, 151, 152, 153, 156, 164, 182, 183, 184, 185, 188, 196, 212, 213, 214, 215, 219, 227, 243, 245, 249, 257, 275, 277, 278, 281, 289, 316, 324, 350, 358, 374, 375, 378, 386, 497, 505, 797, 805, 891, 898, 928, 936, 954, 955, 958, 966, 982, 983, 986, 994, 1010, 1011], "summary": {"covered_lines": 88, "num_statements": 295, "percent_covered": 29.83050847457627, "percent_covered_display": "30", "missing_lines": 207, "excluded_lines": 0}, "missing_lines": [50, 216, 246, 309, 311, 313, 342, 344, 346, 347, 391, 392, 393, 394, 399, 400, 401, 402, 403, 404, 405, 406, 408, 409, 415, 416, 420, 424, 427, 431, 432, 433, 434, 437, 438, 439, 440, 441, 442, 443, 444, 445, 446, 447, 448, 449, 450, 451, 452, 453, 454, 455, 458, 459, 460, 461, 462, 463, 465, 483, 484, 510, 511, 512, 513, 517, 520, 521, 522, 523, 524, 525, 526, 527, 529, 530, 536, 537, 541, 542, 544, 545, 547, 565, 566, 576, 577, 580, 581, 582, 583, 584, 585, 586, 588, 590, 592, 593, 594, 595, 596, 597, 598, 600, 602, 604, 606, 607, 609, 610, 611, 612, 615, 616, 617, 618, 620, 621, 622, 623, 625, 626, 627, 628, 629, 632, 633, 634, 635, 636, 637, 651, 658, 661, 677, 679, 690, 691, 693, 695, 703, 704, 705, 706, 707, 708, 709, 710, 711, 712, 715, 718, 721, 722, 723, 724, 725, 730, 733, 737, 758, 760, 761, 762, 764, 778, 786, 810, 811, 812, 813, 817, 818, 821, 822, 823, 824, 825, 826, 827, 828, 830, 831, 837, 838, 842, 844, 845, 846, 852, 859, 872, 873, 876, 879, 881, 903, 904, 905, 906, 908, 909, 910, 911, 912, 913, 915], "excluded_lines": [], "functions": {"_get_textual_layout": {"executed_lines": [], "summary": {"covered_lines": 0, "num_statements": 1, "percent_covered": 0.0, "percent_covered_display": "0", "missing_lines": 1, "excluded_lines": 0}, "missing_lines": [50], "excluded_lines": []}, "list_dashboards": {"executed_lines": [88, 89, 90, 91], "summary": {"covered_lines": 4, "num_statements": 4, "percent_covered": 100.0, "percent_covered_display": "100", "missing_lines": 0, "excluded_lines": 0}, "missing_lines": [], "excluded_lines": []}, "get_dashboard": {"executed_lines": [120, 121, 122, 123], "summary": {"covered_lines": 4, "num_statements": 4, "percent_covered": 100.0, "percent_covered_display": "100", "missing_lines": 0, "excluded_lines": 0}, "missing_lines": [], "excluded_lines": []}, "create_dashboard": {"executed_lines": [150, 151, 152, 153], "summary": {"covered_lines": 4, "num_statements": 4, "percent_covered": 100.0, "percent_covered_display": "100", "missing_lines": 0, "excluded_lines": 0}, "missing_lines": [], "excluded_lines": []}, "update_dashboard": {"executed_lines": [182, 183, 184, 185], "summary": {"covered_lines": 4, "num_statements": 4, "percent_covered": 100.0, "percent_covered_display": "100", "missing_lines": 0, "excluded_lines": 0}, "missing_lines": [], "excluded_lines": []}, "delete_dashboard": {"executed_lines": [212, 213, 214, 215], "summary": {"covered_lines": 4, "num_statements": 5, "percent_covered": 80.0, "percent_covered_display": "80", "missing_lines": 1, "excluded_lines": 0}, "missing_lines": [216], "excluded_lines": []}, "get_dashboard_widgets": {"executed_lines": [243, 245], "summary": {"covered_lines": 2, "num_statements": 3, "percent_covered": 66.66666666666667, "percent_covered_display": "67", "missing_lines": 1, "excluded_lines": 0}, "missing_lines": [246], "excluded_lines": []}, "create_widget": {"executed_lines": [275, 277, 278], "summary": {"covered_lines": 3, "num_statements": 3, "percent_covered": 100.0, "percent_covered_display": "100", "missing_lines": 0, "excluded_lines": 0}, "missing_lines": [], "excluded_lines": []}, "update_widget": {"executed_lines": [], "summary": {"covered_lines": 0, "num_statements": 3, "percent_covered": 0.0, "percent_covered_display": "0", "missing_lines": 3, "excluded_lines": 0}, "missing_lines": [309, 311, 313], "excluded_lines": []}, "delete_widget": {"executed_lines": [], "summary": {"covered_lines": 0, "num_statements": 4, "percent_covered": 0.0, "percent_covered_display": "0", "missing_lines": 4, "excluded_lines": 0}, "missing_lines": [342, 344, 346, 347], "excluded_lines": []}, "export_dashboard": {"executed_lines": [374, 375], "summary": {"covered_lines": 2, "num_statements": 2, "percent_covered": 100.0, "percent_covered_display": "100", "missing_lines": 0, "excluded_lines": 0}, "missing_lines": [], "excluded_lines": []}, "ai_plan_dashboard": {"executed_lines": [], "summary": {"covered_lines": 0, "num_statements": 51, "percent_covered": 0.0, "percent_covered_display": "0", "missing_lines": 51, "excluded_lines": 0}, "missing_lines": [391, 392, 393, 394, 399, 400, 401, 402, 403, 404, 405, 406, 408, 409, 415, 416, 420, 424, 427, 431, 432, 433, 434, 437, 438, 439, 440, 441, 442, 443, 444, 445, 446, 447, 448, 449, 450, 451, 452, 453, 454, 455, 458, 459, 460, 461, 462, 463, 465, 483, 484], "excluded_lines": []}, "ai_build_dashboard": {"executed_lines": [], "summary": {"covered_lines": 0, "num_statements": 97, "percent_covered": 0.0, "percent_covered_display": "0", "missing_lines": 97, "excluded_lines": 0}, "missing_lines": [510, 511, 512, 513, 517, 520, 521, 522, 523, 524, 525, 526, 527, 529, 530, 536, 537, 541, 542, 544, 545, 547, 565, 566, 576, 577, 580, 581, 582, 583, 584, 585, 586, 588, 592, 602, 606, 607, 609, 610, 611, 612, 615, 616, 617, 618, 620, 621, 622, 623, 625, 626, 627, 628, 629, 632, 633, 634, 635, 636, 637, 651, 658, 661, 677, 679, 690, 691, 693, 695, 703, 704, 705, 706, 707, 708, 709, 710, 711, 712, 715, 718, 721, 722, 723, 724, 725, 730, 733, 737, 758, 760, 761, 762, 764, 778, 786], "excluded_lines": []}, "ai_build_dashboard._widget_grid_span": {"executed_lines": [], "summary": {"covered_lines": 0, "num_statements": 1, "percent_covered": 0.0, "percent_covered_display": "0", "missing_lines": 1, "excluded_lines": 0}, "missing_lines": [590], "excluded_lines": []}, "ai_build_dashboard._widget_height": {"executed_lines": [], "summary": {"covered_lines": 0, "num_statements": 7, "percent_covered": 0.0, "percent_covered_display": "0", "missing_lines": 7, "excluded_lines": 0}, "missing_lines": [593, 594, 595, 596, 597, 598, 600], "excluded_lines": []}, "ai_build_dashboard._span_width_px": {"executed_lines": [], "summary": {"covered_lines": 0, "num_statements": 1, "percent_covered": 0.0, "percent_covered_display": "0", "missing_lines": 1, "excluded_lines": 0}, "missing_lines": [604], "excluded_lines": []}, "ai_build_dashboard_async": {"executed_lines": [], "summary": {"covered_lines": 0, "num_statements": 29, "percent_covered": 0.0, "percent_covered_display": "0", "missing_lines": 29, "excluded_lines": 0}, "missing_lines": [810, 811, 812, 813, 817, 818, 821, 822, 823, 824, 825, 826, 827, 828, 830, 831, 837, 838, 842, 844, 845, 846, 852, 859, 872, 873, 876, 879, 881], "excluded_lines": []}, "get_dashboard_build_job": {"executed_lines": [], "summary": {"covered_lines": 0, "num_statements": 11, "percent_covered": 0.0, "percent_covered_display": "0", "missing_lines": 11, "excluded_lines": 0}, "missing_lines": [903, 904, 905, 906, 908, 909, 910, 911, 912, 913, 915], "excluded_lines": []}, "duplicate_dashboard": {"executed_lines": [954, 955], "summary": {"covered_lines": 2, "num_statements": 2, "percent_covered": 100.0, "percent_covered_display": "100", "missing_lines": 0, "excluded_lines": 0}, "missing_lines": [], "excluded_lines": []}, "lock_dashboard": {"executed_lines": [982, 983], "summary": {"covered_lines": 2, "num_statements": 2, "percent_covered": 100.0, "percent_covered_display": "100", "missing_lines": 0, "excluded_lines": 0}, "missing_lines": [], "excluded_lines": []}, "unlock_dashboard": {"executed_lines": [1010, 1011], "summary": {"covered_lines": 2, "num_statements": 2, "percent_covered": 100.0, "percent_covered_display": "100", "missing_lines": 0, "excluded_lines": 0}, "missing_lines": [], "excluded_lines": []}, "": {"executed_lines": [1, 3, 4, 5, 7, 8, 10, 11, 12, 13, 14, 15, 16, 17, 18, 19, 29, 40, 41, 42, 44, 47, 60, 68, 96, 104, 126, 134, 156, 164, 188, 196, 219, 227, 249, 257, 281, 289, 316, 324, 350, 358, 378, 386, 497, 505, 797, 805, 891, 898, 928, 936, 958, 966, 986, 994], "summary": {"covered_lines": 55, "num_statements": 55, "percent_covered": 100.0, "percent_covered_display": "100", "missing_lines": 0, "excluded_lines": 0}, "missing_lines": [], "excluded_lines": []}}, "classes": {"": {"executed_lines": [1, 3, 4, 5, 7, 8, 10, 11, 12, 13, 14, 15, 16, 17, 18, 19, 29, 40, 41, 42, 44, 47, 60, 68, 88, 89, 90, 91, 96, 104, 120, 121, 122, 123, 126, 134, 150, 151, 152, 153, 156, 164, 182, 183, 184, 185, 188, 196, 212, 213, 214, 215, 219, 227, 243, 245, 249, 257, 275, 277, 278, 281, 289, 316, 324, 350, 358, 374, 375, 378, 386, 497, 505, 797, 805, 891, 898, 928, 936, 954, 955, 958, 966, 982, 983, 986, 994, 1010, 1011], "summary": {"covered_lines": 88, "num_statements": 295, "percent_covered": 29.83050847457627, "percent_covered_display": "30", "missing_lines": 207, "excluded_lines": 0}, "missing_lines": [50, 216, 246, 309, 311, 313, 342, 344, 346, 347, 391, 392, 393, 394, 399, 400, 401, 402, 403, 404, 405, 406, 408, 409, 415, 416, 420, 424, 427, 431, 432, 433, 434, 437, 438, 439, 440, 441, 442, 443, 444, 445, 446, 447, 448, 449, 450, 451, 452, 453, 454, 455, 458, 459, 460, 461, 462, 463, 465, 483, 484, 510, 511, 512, 513, 517, 520, 521, 522, 523, 524, 525, 526, 527, 529, 530, 536, 537, 541, 542, 544, 545, 547, 565, 566, 576, 577, 580, 581, 582, 583, 584, 585, 586, 588, 590, 592, 593, 594, 595, 596, 597, 598, 600, 602, 604, 606, 607, 609, 610, 611, 612, 615, 616, 617, 618, 620, 621, 622, 623, 625, 626, 627, 628, 629, 632, 633, 634, 635, 636, 637, 651, 658, 661, 677, 679, 690, 691, 693, 695, 703, 704, 705, 706, 707, 708, 709, 710, 711, 712, 715, 718, 721, 722, 723, 724, 725, 730, 733, 737, 758, 760, 761, 762, 764, 778, 786, 810, 811, 812, 813, 817, 818, 821, 822, 823, 824, 825, 826, 827, 828, 830, 831, 837, 838, 842, 844, 845, 846, 852, 859, 872, 873, 876, 879, 881, 903, 904, 905, 906, 908, 909, 910, 911, 912, 913, 915], "excluded_lines": []}}}, "src/api/v1/datasets.py": {"executed_lines": [1, 3, 5, 6, 7, 9, 10, 11, 12, 13, 15, 17, 20, 32, 66, 73, 91, 98], "summary": {"covered_lines": 17, "num_statements": 30, "percent_covered": 56.666666666666664, "percent_covered_display": "57", "missing_lines": 13, "excluded_lines": 0}, "missing_lines": [51, 52, 53, 54, 55, 56, 57, 58, 59, 60, 87, 88, 124], "excluded_lines": [], "functions": {"delete_dataset": {"executed_lines": [], "summary": {"covered_lines": 0, "num_statements": 10, "percent_covered": 0.0, "percent_covered_display": "0", "missing_lines": 10, "excluded_lines": 0}, "missing_lines": [51, 52, 53, 54, 55, 56, 57, 58, 59, 60], "excluded_lines": []}, "get_excluded_datasets": {"executed_lines": [], "summary": {"covered_lines": 0, "num_statements": 2, "percent_covered": 0.0, "percent_covered_display": "0", "missing_lines": 2, "excluded_lines": 0}, "missing_lines": [87, 88], "excluded_lines": []}, "list_datasets": {"executed_lines": [], "summary": {"covered_lines": 0, "num_statements": 1, "percent_covered": 0.0, "percent_covered_display": "0", "missing_lines": 1, "excluded_lines": 0}, "missing_lines": [124], "excluded_lines": []}, "": {"executed_lines": [1, 3, 5, 6, 7, 9, 10, 11, 12, 13, 15, 17, 20, 32, 66, 73, 91, 98], "summary": {"covered_lines": 17, "num_statements": 17, "percent_covered": 100.0, "percent_covered_display": "100", "missing_lines": 0, "excluded_lines": 0}, "missing_lines": [], "excluded_lines": []}}, "classes": {"": {"executed_lines": [1, 3, 5, 6, 7, 9, 10, 11, 12, 13, 15, 17, 20, 32, 66, 73, 91, 98], "summary": {"covered_lines": 17, "num_statements": 30, "percent_covered": 56.666666666666664, "percent_covered_display": "57", "missing_lines": 13, "excluded_lines": 0}, "missing_lines": [51, 52, 53, 54, 55, 56, 57, 58, 59, 60, 87, 88, 124], "excluded_lines": []}}}, "src/api/v1/enterprise_relationships.py": {"executed_lines": [1, 3, 4, 5, 6, 7, 8, 9, 10, 11, 15, 17, 19, 22, 28, 37, 43, 60, 67], "summary": {"covered_lines": 18, "num_statements": 37, "percent_covered": 48.648648648648646, "percent_covered_display": "49", "missing_lines": 19, "excluded_lines": 0}, "missing_lines": [33, 34, 49, 50, 51, 52, 53, 54, 73, 74, 75, 76, 77, 78, 79, 80, 81, 82, 83], "excluded_lines": [], "functions": {"list_relationships": {"executed_lines": [], "summary": {"covered_lines": 0, "num_statements": 2, "percent_covered": 0.0, "percent_covered_display": "0", "missing_lines": 2, "excluded_lines": 0}, "missing_lines": [33, 34], "excluded_lines": []}, "create_relationship": {"executed_lines": [], "summary": {"covered_lines": 0, "num_statements": 6, "percent_covered": 0.0, "percent_covered_display": "0", "missing_lines": 6, "excluded_lines": 0}, "missing_lines": [49, 50, 51, 52, 53, 54], "excluded_lines": []}, "delete_relationship": {"executed_lines": [], "summary": {"covered_lines": 0, "num_statements": 11, "percent_covered": 0.0, "percent_covered_display": "0", "missing_lines": 11, "excluded_lines": 0}, "missing_lines": [73, 74, 75, 76, 77, 78, 79, 80, 81, 82, 83], "excluded_lines": []}, "": {"executed_lines": [1, 3, 4, 5, 6, 7, 8, 9, 10, 11, 15, 17, 19, 22, 28, 37, 43, 60, 67], "summary": {"covered_lines": 18, "num_statements": 18, "percent_covered": 100.0, "percent_covered_display": "100", "missing_lines": 0, "excluded_lines": 0}, "missing_lines": [], "excluded_lines": []}}, "classes": {"": {"executed_lines": [1, 3, 4, 5, 6, 7, 8, 9, 10, 11, 15, 17, 19, 22, 28, 37, 43, 60, 67], "summary": {"covered_lines": 18, "num_statements": 37, "percent_covered": 48.648648648648646, "percent_covered_display": "49", "missing_lines": 19, "excluded_lines": 0}, "missing_lines": [33, 34, 49, 50, 51, 52, 53, 54, 73, 74, 75, 76, 77, 78, 79, 80, 81, 82, 83], "excluded_lines": []}}}, "src/api/v1/files.py": {"executed_lines": [1, 3, 4, 6, 7, 9, 10, 11, 12, 18, 20, 23, 31, 49, 50, 53, 61, 77, 78, 81, 89, 105, 106, 109, 117, 135, 136, 139, 147, 165, 166, 169, 177, 193, 194, 197, 205, 221, 222], "summary": {"covered_lines": 38, "num_statements": 39, "percent_covered": 97.43589743589743, "percent_covered_display": "97", "missing_lines": 1, "excluded_lines": 0}, "missing_lines": [223], "excluded_lines": [], "functions": {"upload_file": {"executed_lines": [49, 50], "summary": {"covered_lines": 2, "num_statements": 2, "percent_covered": 100.0, "percent_covered_display": "100", "missing_lines": 0, "excluded_lines": 0}, "missing_lines": [], "excluded_lines": []}, "upload_csv": {"executed_lines": [77, 78], "summary": {"covered_lines": 2, "num_statements": 2, "percent_covered": 100.0, "percent_covered_display": "100", "missing_lines": 0, "excluded_lines": 0}, "missing_lines": [], "excluded_lines": []}, "upload_excel": {"executed_lines": [105, 106], "summary": {"covered_lines": 2, "num_statements": 2, "percent_covered": 100.0, "percent_covered_display": "100", "missing_lines": 0, "excluded_lines": 0}, "missing_lines": [], "excluded_lines": []}, "upload_image": {"executed_lines": [135, 136], "summary": {"covered_lines": 2, "num_statements": 2, "percent_covered": 100.0, "percent_covered_display": "100", "missing_lines": 0, "excluded_lines": 0}, "missing_lines": [], "excluded_lines": []}, "upload_pdf": {"executed_lines": [165, 166], "summary": {"covered_lines": 2, "num_statements": 2, "percent_covered": 100.0, "percent_covered_display": "100", "missing_lines": 0, "excluded_lines": 0}, "missing_lines": [], "excluded_lines": []}, "get_file": {"executed_lines": [193, 194], "summary": {"covered_lines": 2, "num_statements": 2, "percent_covered": 100.0, "percent_covered_display": "100", "missing_lines": 0, "excluded_lines": 0}, "missing_lines": [], "excluded_lines": []}, "delete_file": {"executed_lines": [221, 222], "summary": {"covered_lines": 2, "num_statements": 3, "percent_covered": 66.66666666666667, "percent_covered_display": "67", "missing_lines": 1, "excluded_lines": 0}, "missing_lines": [223], "excluded_lines": []}, "": {"executed_lines": [1, 3, 4, 6, 7, 9, 10, 11, 12, 18, 20, 23, 31, 53, 61, 81, 89, 109, 117, 139, 147, 169, 177, 197, 205], "summary": {"covered_lines": 24, "num_statements": 24, "percent_covered": 100.0, "percent_covered_display": "100", "missing_lines": 0, "excluded_lines": 0}, "missing_lines": [], "excluded_lines": []}}, "classes": {"": {"executed_lines": [1, 3, 4, 6, 7, 9, 10, 11, 12, 18, 20, 23, 31, 49, 50, 53, 61, 77, 78, 81, 89, 105, 106, 109, 117, 135, 136, 139, 147, 165, 166, 169, 177, 193, 194, 197, 205, 221, 222], "summary": {"covered_lines": 38, "num_statements": 39, "percent_covered": 97.43589743589743, "percent_covered_display": "97", "missing_lines": 1, "excluded_lines": 0}, "missing_lines": [223], "excluded_lines": []}}}, "src/api/v1/notifications.py": {"executed_lines": [1, 3, 4, 6, 7, 9, 10, 11, 12, 14, 17, 18, 26, 27, 35, 36, 41, 42, 46, 47, 53, 54, 62, 63, 68, 69], "summary": {"covered_lines": 25, "num_statements": 30, "percent_covered": 83.33333333333333, "percent_covered_display": "83", "missing_lines": 5, "excluded_lines": 0}, "missing_lines": [43, 57, 58, 59, 70], "excluded_lines": [], "functions": {"get_notifications": {"executed_lines": [26, 27], "summary": {"covered_lines": 2, "num_statements": 2, "percent_covered": 100.0, "percent_covered_display": "100", "missing_lines": 0, "excluded_lines": 0}, "missing_lines": [], "excluded_lines": []}, "get_unread_count": {"executed_lines": [41, 42], "summary": {"covered_lines": 2, "num_statements": 3, "percent_covered": 66.66666666666667, "percent_covered_display": "67", "missing_lines": 1, "excluded_lines": 0}, "missing_lines": [43], "excluded_lines": []}, "mark_as_read": {"executed_lines": [53, 54], "summary": {"covered_lines": 2, "num_statements": 5, "percent_covered": 40.0, "percent_covered_display": "40", "missing_lines": 3, "excluded_lines": 0}, "missing_lines": [57, 58, 59], "excluded_lines": []}, "mark_all_as_read": {"executed_lines": [68, 69], "summary": {"covered_lines": 2, "num_statements": 3, "percent_covered": 66.66666666666667, "percent_covered_display": "67", "missing_lines": 1, "excluded_lines": 0}, "missing_lines": [70], "excluded_lines": []}, "": {"executed_lines": [1, 3, 4, 6, 7, 9, 10, 11, 12, 14, 17, 18, 35, 36, 46, 47, 62, 63], "summary": {"covered_lines": 17, "num_statements": 17, "percent_covered": 100.0, "percent_covered_display": "100", "missing_lines": 0, "excluded_lines": 0}, "missing_lines": [], "excluded_lines": []}}, "classes": {"": {"executed_lines": [1, 3, 4, 6, 7, 9, 10, 11, 12, 14, 17, 18, 26, 27, 35, 36, 41, 42, 46, 47, 53, 54, 62, 63, 68, 69], "summary": {"covered_lines": 25, "num_statements": 30, "percent_covered": 83.33333333333333, "percent_covered_display": "83", "missing_lines": 5, "excluded_lines": 0}, "missing_lines": [43, 57, 58, 59, 70], "excluded_lines": []}}}, "src/api/v1/permissions.py": {"executed_lines": [1, 3, 4, 6, 7, 9, 10, 11, 12, 24, 26, 29, 37, 53, 54, 57, 69, 87, 88, 89, 100, 108, 130, 138, 159, 167, 183, 184, 187, 195, 211, 212, 215, 223, 239, 240, 243, 251, 284, 296, 316, 324, 348, 356, 377, 385, 403, 411], "summary": {"covered_lines": 47, "num_statements": 78, "percent_covered": 60.256410256410255, "percent_covered_display": "60", "missing_lines": 31, "excluded_lines": 0}, "missing_lines": [92, 93, 95, 96, 97, 126, 127, 154, 155, 156, 269, 270, 271, 274, 275, 276, 278, 279, 280, 281, 312, 313, 342, 343, 372, 373, 374, 399, 400, 429, 430], "excluded_lines": [], "functions": {"get_connection_permissions": {"executed_lines": [53, 54], "summary": {"covered_lines": 2, "num_statements": 2, "percent_covered": 100.0, "percent_covered_display": "100", "missing_lines": 0, "excluded_lines": 0}, "missing_lines": [], "excluded_lines": []}, "create_connection_permission": {"executed_lines": [87, 88, 89], "summary": {"covered_lines": 3, "num_statements": 8, "percent_covered": 37.5, "percent_covered_display": "38", "missing_lines": 5, "excluded_lines": 0}, "missing_lines": [92, 93, 95, 96, 97], "excluded_lines": []}, "update_permission": {"executed_lines": [], "summary": {"covered_lines": 0, "num_statements": 2, "percent_covered": 0.0, "percent_covered_display": "0", "missing_lines": 2, "excluded_lines": 0}, "missing_lines": [126, 127], "excluded_lines": []}, "delete_permission": {"executed_lines": [], "summary": {"covered_lines": 0, "num_statements": 3, "percent_covered": 0.0, "percent_covered_display": "0", "missing_lines": 3, "excluded_lines": 0}, "missing_lines": [154, 155, 156], "excluded_lines": []}, "get_space_permissions": {"executed_lines": [183, 184], "summary": {"covered_lines": 2, "num_statements": 2, "percent_covered": 100.0, "percent_covered_display": "100", "missing_lines": 0, "excluded_lines": 0}, "missing_lines": [], "excluded_lines": []}, "get_crew_permissions": {"executed_lines": [211, 212], "summary": {"covered_lines": 2, "num_statements": 2, "percent_covered": 100.0, "percent_covered_display": "100", "missing_lines": 0, "excluded_lines": 0}, "missing_lines": [], "excluded_lines": []}, "validate_permission": {"executed_lines": [239, 240], "summary": {"covered_lines": 2, "num_statements": 2, "percent_covered": 100.0, "percent_covered_display": "100", "missing_lines": 0, "excluded_lines": 0}, "missing_lines": [], "excluded_lines": []}, "get_table_member_permissions": {"executed_lines": [], "summary": {"covered_lines": 0, "num_statements": 10, "percent_covered": 0.0, "percent_covered_display": "0", "missing_lines": 10, "excluded_lines": 0}, "missing_lines": [269, 270, 271, 274, 275, 276, 278, 279, 280, 281], "excluded_lines": []}, "create_table_member_permission": {"executed_lines": [], "summary": {"covered_lines": 0, "num_statements": 2, "percent_covered": 0.0, "percent_covered_display": "0", "missing_lines": 2, "excluded_lines": 0}, "missing_lines": [312, 313], "excluded_lines": []}, "update_table_member_permission": {"executed_lines": [], "summary": {"covered_lines": 0, "num_statements": 2, "percent_covered": 0.0, "percent_covered_display": "0", "missing_lines": 2, "excluded_lines": 0}, "missing_lines": [342, 343], "excluded_lines": []}, "delete_table_member_permission": {"executed_lines": [], "summary": {"covered_lines": 0, "num_statements": 3, "percent_covered": 0.0, "percent_covered_display": "0", "missing_lines": 3, "excluded_lines": 0}, "missing_lines": [372, 373, 374], "excluded_lines": []}, "get_all_role_permissions": {"executed_l
[...]
 4, "percent_covered": 100.0, "percent_covered_display": "100", "missing_lines": 0, "excluded_lines": 0}, "missing_lines": [], "excluded_lines": []}, "CacheService.delete": {"executed_lines": [54, 55], "summary": {"covered_lines": 2, "num_statements": 2, "percent_covered": 100.0, "percent_covered_display": "100", "missing_lines": 0, "excluded_lines": 0}, "missing_lines": [], "excluded_lines": []}, "CacheService.delete_pattern": {"executed_lines": [68, 69, 70, 71, 72], "summary": {"covered_lines": 5, "num_statements": 5, "percent_covered": 100.0, "percent_covered_display": "100", "missing_lines": 0, "excluded_lines": 0}, "missing_lines": [], "excluded_lines": []}, "CacheService.get_json": {"executed_lines": [85, 86, 87, 88], "summary": {"covered_lines": 4, "num_statements": 4, "percent_covered": 100.0, "percent_covered_display": "100", "missing_lines": 0, "excluded_lines": 0}, "missing_lines": [], "excluded_lines": []}, "CacheService.set_json": {"executed_lines": [100], "summary": {"covered_lines": 1, "num_statements": 1, "percent_covered": 100.0, "percent_covered_display": "100", "missing_lines": 0, "excluded_lines": 0}, "missing_lines": [], "excluded_lines": []}, "widget_cache_key": {"executed_lines": [106], "summary": {"covered_lines": 1, "num_statements": 1, "percent_covered": 100.0, "percent_covered_display": "100", "missing_lines": 0, "excluded_lines": 0}, "missing_lines": [], "excluded_lines": []}, "dashboard_cache_key": {"executed_lines": [111], "summary": {"covered_lines": 1, "num_statements": 1, "percent_covered": 100.0, "percent_covered_display": "100", "missing_lines": 0, "excluded_lines": 0}, "missing_lines": [], "excluded_lines": []}, "workspace_cache_key": {"executed_lines": [116], "summary": {"covered_lines": 1, "num_statements": 1, "percent_covered": 100.0, "percent_covered_display": "100", "missing_lines": 0, "excluded_lines": 0}, "missing_lines": [], "excluded_lines": []}, "connection_metadata_cache_key": {"executed_lines": [121], "summary": {"covered_lines": 1, "num_statements": 1, "percent_covered": 100.0, "percent_covered_display": "100", "missing_lines": 0, "excluded_lines": 0}, "missing_lines": [], "excluded_lines": []}, "_normalize_question": {"executed_lines": [], "summary": {"covered_lines": 0, "num_statements": 3, "percent_covered": 0.0, "percent_covered_display": "0", "missing_lines": 3, "excluded_lines": 0}, "missing_lines": [126, 127, 128], "excluded_lines": []}, "ai_response_cache_key": {"executed_lines": [], "summary": {"covered_lines": 0, "num_statements": 4, "percent_covered": 0.0, "percent_covered_display": "0", "missing_lines": 4, "excluded_lines": 0}, "missing_lines": [137, 138, 139, 140], "excluded_lines": []}, "": {"executed_lines": [1, 3, 4, 5, 6, 8, 10, 13, 14, 16, 17, 30, 31, 46, 47, 57, 58, 74, 75, 90, 91, 104, 109, 114, 119, 124, 131], "summary": {"covered_lines": 25, "num_statements": 25, "percent_covered": 100.0, "percent_covered_display": "100", "missing_lines": 0, "excluded_lines": 0}, "missing_lines": [], "excluded_lines": []}}, "classes": {"CacheService": {"executed_lines": [27, 28, 40, 41, 42, 44, 54, 55, 68, 69, 70, 71, 72, 85, 86, 87, 88, 100], "summary": {"covered_lines": 18, "num_statements": 18, "percent_covered": 100.0, "percent_covered_display": "100", "missing_lines": 0, "excluded_lines": 0}, "missing_lines": [], "excluded_lines": []}, "": {"executed_lines": [1, 3, 4, 5, 6, 8, 10, 13, 14, 16, 17, 30, 31, 46, 47, 57, 58, 74, 75, 90, 91, 104, 106, 109, 111, 114, 116, 119, 121, 124, 131], "summary": {"covered_lines": 29, "num_statements": 36, "percent_covered": 80.55555555555556, "percent_covered_display": "81", "missing_lines": 7, "excluded_lines": 0}, "missing_lines": [126, 127, 128, 137, 138, 139, 140], "excluded_lines": []}}}, "src/utils/encryption.py": {"executed_lines": [1, 3, 4, 6, 9, 24], "summary": {"covered_lines": 5, "num_statements": 7, "percent_covered": 71.42857142857143, "percent_covered_display": "71", "missing_lines": 2, "excluded_lines": 0}, "missing_lines": [21, 36], "excluded_lines": [], "functions": {"encrypt_dict": {"executed_lines": [], "summary": {"covered_lines": 0, "num_statements": 1, "percent_covered": 0.0, "percent_covered_display": "0", "missing_lines": 1, "excluded_lines": 0}, "missing_lines": [21], "excluded_lines": []}, "decrypt_dict": {"executed_lines": [], "summary": {"covered_lines": 0, "num_statements": 1, "percent_covered": 0.0, "percent_covered_display": "0", "missing_lines": 1, "excluded_lines": 0}, "missing_lines": [36], "excluded_lines": []}, "": {"executed_lines": [1, 3, 4, 6, 9, 24], "summary": {"covered_lines": 5, "num_statements": 5, "percent_covered": 100.0, "percent_covered_display": "100", "missing_lines": 0, "excluded_lines": 0}, "missing_lines": [], "excluded_lines": []}}, "classes": {"": {"executed_lines": [1, 3, 4, 6, 9, 24], "summary": {"covered_lines": 5, "num_statements": 7, "percent_covered": 71.42857142857143, "percent_covered_display": "71", "missing_lines": 2, "excluded_lines": 0}, "missing_lines": [21, 36], "excluded_lines": []}}}, "src/workers/__init__.py": {"executed_lines": [1], "summary": {"covered_lines": 0, "num_statements": 0, "percent_covered": 100.0, "percent_covered_display": "100", "missing_lines": 0, "excluded_lines": 0}, "missing_lines": [], "excluded_lines": [], "functions": {"": {"executed_lines": [1], "summary": {"covered_lines": 0, "num_statements": 0, "percent_covered": 100.0, "percent_covered_display": "100", "missing_lines": 0, "excluded_lines": 0}, "missing_lines": [], "excluded_lines": []}}, "classes": {"": {"executed_lines": [1], "summary": {"covered_lines": 0, "num_statements": 0, "percent_covered": 100.0, "percent_covered_display": "100", "missing_lines": 0, "excluded_lines": 0}, "missing_lines": [], "excluded_lines": []}}}, "src/workers/ai_worker.py": {"executed_lines": [1, 3, 4, 5, 6, 7, 8, 9, 11, 13, 16, 17, 36, 37, 49, 52, 62, 65, 66, 67, 68, 69, 70, 71, 72, 73, 74, 75, 76, 77, 78, 80, 81, 83, 84, 85, 86, 87, 89, 92, 94, 95, 96, 97, 98, 99, 100, 103, 104, 106, 107, 108, 111, 112, 113, 114, 115, 118, 119, 121, 122, 129, 130, 131, 132, 133, 140, 147, 150, 156, 157, 174, 175, 176, 177, 180, 181, 182, 183, 202, 203, 206, 217, 218, 219, 224, 225, 226, 227, 232, 236, 237, 242, 244, 245, 266, 268, 269, 270, 273, 274, 275, 283, 288, 289, 290, 291, 297, 298, 300, 303, 305, 308, 309, 310, 311, 312, 313, 314, 318, 319, 320, 321, 323, 329, 338, 342, 343, 344, 345, 347, 348, 354, 355, 357, 358, 359, 360, 361, 368, 370, 371, 372, 385, 386, 393, 399, 411, 413, 414, 415, 416, 419, 422, 423, 426, 427, 429, 430, 432, 433, 434, 437, 438, 439, 441, 443, 444, 445, 446, 484, 506, 507, 511, 512, 517, 520, 526, 532, 533, 538, 556, 558, 569, 570, 596, 599, 602, 603, 604, 610, 618, 619, 620, 622, 651, 652, 693, 702, 703, 704, 705, 710, 711, 714, 732, 733, 734, 737, 738, 739, 751, 752, 754, 755, 758, 759, 760, 761, 762, 763, 764, 765], "summary": {"covered_lines": 222, "num_statements": 345, "percent_covered": 64.34782608695652, "percent_covered_display": "64", "missing_lines": 123, "excluded_lines": 0}, "missing_lines": [27, 29, 30, 31, 32, 33, 41, 42, 43, 44, 45, 46, 90, 109, 168, 169, 170, 184, 185, 186, 187, 188, 189, 190, 191, 192, 193, 194, 195, 196, 197, 198, 207, 208, 209, 220, 221, 222, 233, 234, 267, 325, 326, 327, 330, 331, 332, 333, 334, 335, 336, 339, 374, 375, 376, 377, 379, 380, 381, 382, 383, 394, 395, 396, 397, 424, 435, 448, 449, 450, 456, 457, 460, 474, 475, 480, 481, 482, 485, 486, 487, 488, 489, 490, 501, 502, 503, 508, 513, 518, 527, 572, 575, 576, 577, 579, 586, 589, 590, 591, 593, 594, 609, 615, 644, 645, 646, 647, 654, 655, 656, 663, 664, 673, 674, 675, 679, 680, 685, 686, 691, 727, 728], "excluded_lines": [], "functions": {"process_ai_query": {"executed_lines": [], "summary": {"covered_lines": 0, "num_statements": 6, "percent_covered": 0.0, "percent_covered_display": "0", "missing_lines": 6, "excluded_lines": 0}, "missing_lines": [27, 29, 30, 31, 32, 33], "excluded_lines": []}, "build_dashboard_job": {"executed_lines": [], "summary": {"covered_lines": 0, "num_statements": 6, "percent_covered": 0.0, "percent_covered_display": "0", "missing_lines": 6, "excluded_lines": 0}, "missing_lines": [41, 42, 43, 44, 45, 46], "excluded_lines": []}, "_get_textual_layout": {"executed_lines": [52], "summary": {"covered_lines": 1, "num_statements": 1, "percent_covered": 100.0, "percent_covered_display": "100", "missing_lines": 0, "excluded_lines": 0}, "missing_lines": [], "excluded_lines": []}, "_build_dashboard_job_async": {"executed_lines": [65, 66, 67, 68, 69, 70, 71, 72, 73, 74, 75, 76, 77, 78, 80, 81, 83, 84, 85, 86, 87, 89, 92, 94, 95, 96, 97, 98, 99, 100, 103, 104, 106, 107, 108, 111, 112, 113, 114, 115, 118, 119, 121, 122, 129, 130, 131, 132, 133, 140, 147, 150, 156, 157, 174, 175, 176, 177, 180, 181, 182, 183, 202, 203, 206, 217, 218, 219, 224, 225, 226, 227, 232, 236, 237, 242, 244, 245, 266, 268, 269, 270, 273, 274, 275, 283, 288, 289, 290, 291, 297, 298, 300, 303, 305, 308, 309, 310, 311, 312, 313, 314, 318, 319, 320, 321, 323, 329, 338, 342, 343, 344, 345, 347, 348, 354, 355, 357, 358, 359, 360, 361, 368, 370, 371, 372, 385, 386, 393, 399, 411, 413, 414, 415, 416, 419, 422, 423, 426, 427, 429, 430, 432, 433, 434, 437, 438, 439, 441, 443, 444, 445, 446, 484, 506, 507, 511, 512, 517, 520, 526, 532, 533, 538, 556, 558, 569, 570, 596, 599, 602, 603, 604, 610, 618, 619, 620, 622, 651, 652, 693, 702, 703, 704, 705, 710, 711, 714, 732, 733, 734, 737, 738, 739, 751, 752, 754, 755, 758, 759, 760, 761, 762, 763, 764, 765], "summary": {"covered_lines": 206, "num_statements": 306, "percent_covered": 67.3202614379085, "percent_covered_display": "67", "missing_lines": 100, "excluded_lines": 0}, "missing_lines": [90, 109, 168, 169, 170, 184, 185, 186, 187, 188, 189, 190, 191, 192, 193, 194, 195, 196, 197, 198, 207, 208, 209, 220, 221, 222, 233, 234, 267, 374, 375, 376, 377, 379, 380, 381, 382, 383, 394, 395, 396, 397, 424, 435, 448, 449, 450, 456, 457, 460, 474, 475, 480, 481, 482, 485, 486, 487, 488, 489, 490, 501, 502, 503, 508, 513, 518, 527, 572, 575, 576, 577, 579, 586, 589, 590, 591, 593, 594, 609, 615, 644, 645, 646, 647, 654, 655, 656, 663, 664, 673, 674, 675, 679, 680, 685, 686, 691, 727, 728], "excluded_lines": []}, "_build_dashboard_job_async._widget_grid_span": {"executed_lines": [], "summary": {"covered_lines": 0, "num_statements": 3, "percent_covered": 0.0, "percent_covered_display": "0", "missing_lines": 3, "excluded_lines": 0}, "missing_lines": [325, 326, 327], "excluded_lines": []}, "_build_dashboard_job_async._widget_height": {"executed_lines": [], "summary": {"covered_lines": 0, "num_statements": 7, "percent_covered": 0.0, "percent_covered_display": "0", "missing_lines": 7, "excluded_lines": 0}, "missing_lines": [330, 331, 332, 333, 334, 335, 336], "excluded_lines": []}, "_build_dashboard_job_async._span_width_px": {"executed_lines": [], "summary": {"covered_lines": 0, "num_statements": 1, "percent_covered": 0.0, "percent_covered_display": "0", "missing_lines": 1, "excluded_lines": 0}, "missing_lines": [339], "excluded_lines": []}, "": {"executed_lines": [1, 3, 4, 5, 6, 7, 8, 9, 11, 13, 16, 17, 36, 37, 49, 62], "summary": {"covered_lines": 15, "num_statements": 15, "percent_covered": 100.0, "percent_covered_display": "100", "missing_lines": 0, "excluded_lines": 0}, "missing_lines": [], "excluded_lines": []}}, "classes": {"": {"executed_lines": [1, 3, 4, 5, 6, 7, 8, 9, 11, 13, 16, 17, 36, 37, 49, 52, 62, 65, 66, 67, 68, 69, 70, 71, 72, 73, 74, 75, 76, 77, 78, 80, 81, 83, 84, 85, 86, 87, 89, 92, 94, 95, 96, 97, 98, 99, 100, 103, 104, 106, 107, 108, 111, 112, 113, 114, 115, 118, 119, 121, 122, 129, 130, 131, 132, 133, 140, 147, 150, 156, 157, 174, 175, 176, 177, 180, 181, 182, 183, 202, 203, 206, 217, 218, 219, 224, 225, 226, 227, 232, 236, 237, 242, 244, 245, 266, 268, 269, 270, 273, 274, 275, 283, 288, 289, 290, 291, 297, 298, 300, 303, 305, 308, 309, 310, 311, 312, 313, 314, 318, 319, 320, 321, 323, 329, 338, 342, 343, 344, 345, 347, 348, 354, 355, 357, 358, 359, 360, 361, 368, 370, 371, 372, 385, 386, 393, 399, 411, 413, 414, 415, 416, 419, 422, 423, 426, 427, 429, 430, 432, 433, 434, 437, 438, 439, 441, 443, 444, 445, 446, 484, 506, 507, 511, 512, 517, 520, 526, 532, 533, 538, 556, 558, 569, 570, 596, 599, 602, 603, 604, 610, 618, 619, 620, 622, 651, 652, 693, 702, 703, 704, 705, 710, 711, 714, 732, 733, 734, 737, 738, 739, 751, 752, 754, 755, 758, 759, 760, 761, 762, 763, 764, 765], "summary": {"covered_lines": 222, "num_statements": 345, "percent_covered": 64.34782608695652, "percent_covered_display": "64", "missing_lines": 123, "excluded_lines": 0}, "missing_lines": [27, 29, 30, 31, 32, 33, 41, 42, 43, 44, 45, 46, 90, 109, 168, 169, 170, 184, 185, 186, 187, 188, 189, 190, 191, 192, 193, 194, 195, 196, 197, 198, 207, 208, 209, 220, 221, 222, 233, 234, 267, 325, 326, 327, 330, 331, 332, 333, 334, 335, 336, 339, 374, 375, 376, 377, 379, 380, 381, 382, 383, 394, 395, 396, 397, 424, 435, 448, 449, 450, 456, 457, 460, 474, 475, 480, 481, 482, 485, 486, 487, 488, 489, 490, 501, 502, 503, 508, 513, 518, 527, 572, 575, 576, 577, 579, 586, 589, 590, 591, 593, 594, 609, 615, 644, 645, 646, 647, 654, 655, 656, 663, 664, 673, 674, 675, 679, 680, 685, 686, 691, 727, 728], "excluded_lines": []}}}, "src/workers/cache_warming_worker.py": {"executed_lines": [1, 6, 7, 8, 10, 11, 12, 13, 14, 15, 17, 20, 21, 35, 37, 38, 39, 40], "summary": {"covered_lines": 17, "num_statements": 72, "percent_covered": 23.61111111111111, "percent_covered_display": "24", "missing_lines": 55, "excluded_lines": 0}, "missing_lines": [27, 28, 29, 30, 32, 41, 42, 43, 44, 47, 48, 50, 51, 52, 53, 54, 56, 57, 58, 59, 60, 62, 64, 65, 66, 74, 75, 85, 87, 88, 89, 91, 97, 98, 99, 100, 101, 102, 105, 106, 107, 112, 113, 116, 117, 129, 140, 145, 146, 147, 148, 158, 160, 173, 175], "excluded_lines": [], "functions": {"warm_ai_response_cache": {"executed_lines": [], "summary": {"covered_lines": 0, "num_statements": 5, "percent_covered": 0.0, "percent_covered_display": "0", "missing_lines": 5, "excluded_lines": 0}, "missing_lines": [27, 28, 29, 30, 32], "excluded_lines": []}, "_warm_ai_response_cache_async": {"executed_lines": [37, 38, 39, 40], "summary": {"covered_lines": 4, "num_statements": 54, "percent_covered": 7.407407407407407, "percent_covered_display": "7", "missing_lines": 50, "excluded_lines": 0}, "missing_lines": [41, 42, 43, 44, 47, 48, 50, 51, 52, 53, 54, 56, 57, 58, 59, 60, 62, 64, 65, 66, 74, 75, 85, 87, 88, 89, 91, 97, 98, 99, 100, 101, 102, 105, 106, 107, 112, 113, 116, 117, 129, 140, 145, 146, 147, 148, 158, 160, 173, 175], "excluded_lines": []}, "": {"executed_lines": [1, 6, 7, 8, 10, 11, 12, 13, 14, 15, 17, 20, 21, 35], "summary": {"covered_lines": 13, "num_statements": 13, "percent_covered": 100.0, "percent_covered_display": "100", "missing_lines": 0, "excluded_lines": 0}, "missing_lines": [], "excluded_lines": []}}, "classes": {"": {"executed_lines": [1, 6, 7, 8, 10, 11, 12, 13, 14, 15, 17, 20, 21, 35, 37, 38, 39, 40], "summary": {"covered_lines": 17, "num_statements": 72, "percent_covered": 23.61111111111111, "percent_covered_display": "24", "missing_lines": 55, "excluded_lines": 0}, "missing_lines": [27, 28, 29, 30, 32, 41, 42, 43, 44, 47, 48, 50, 51, 52, 53, 54, 56, 57, 58, 59, 60, 62, 64, 65, 66, 74, 75, 85, 87, 88, 89, 91, 97, 98, 99, 100, 101, 102, 105, 106, 107, 112, 113, 116, 117, 129, 140, 145, 146, 147, 148, 158, 160, 173, 175], "excluded_lines": []}}}, "src/workers/celery_app.py": {"executed_lines": [1, 3, 4, 5, 6, 8, 10, 13, 26, 28, 29, 30, 33, 40, 41, 42, 43, 44, 45, 47, 48, 49, 55, 56, 58, 60, 61, 62, 65, 69, 70, 73, 74, 77, 78, 79, 80, 83, 84, 85, 88, 95, 115, 116, 117, 120, 121, 122, 123], "summary": {"covered_lines": 48, "num_statements": 54, "percent_covered": 88.88888888888889, "percent_covered_display": "89", "missing_lines": 6, "excluded_lines": 0}, "missing_lines": [50, 51, 63, 64, 130, 132], "excluded_lines": [], "functions": {"build_redis_url_from_env": {"executed_lines": [26, 28, 29, 30], "summary": {"covered_lines": 4, "num_statements": 4, "percent_covered": 100.0, "percent_covered_display": "100", "missing_lines": 0, "excluded_lines": 0}, "missing_lines": [], "excluded_lines": []}, "encode_password_in_redis_url": {"executed_lines": [40, 41, 42, 43, 44, 45, 47, 48, 49], "summary": {"covered_lines": 9, "num_statements": 11, "percent_covered": 81.81818181818181, "percent_covered_display": "82", "missing_lines": 2, "excluded_lines": 0}, "missing_lines": [50, 51], "excluded_lines": []}, "": {"executed_lines": [1, 3, 4, 5, 6, 8, 10, 13, 33, 55, 56, 58, 60, 61, 62, 65, 69, 70, 73, 74, 77, 78, 79, 80, 83, 84, 85, 88, 95, 115, 116, 117, 120, 121, 122, 123], "summary": {"covered_lines": 35, "num_statements": 39, "percent_covered": 89.74358974358974, "percent_covered_display": "90", "missing_lines": 4, "excluded_lines": 0}, "missing_lines": [63, 64, 130, 132], "excluded_lines": []}}, "classes": {"": {"executed_lines": [1, 3, 4, 5, 6, 8, 10, 13, 26, 28, 29, 30, 33, 40, 41, 42, 43, 44, 45, 47, 48, 49, 55, 56, 58, 60, 61, 62, 65, 69, 70, 73, 74, 77, 78, 79, 80, 83, 84, 85, 88, 95, 115, 116, 117, 120, 121, 122, 123], "summary": {"covered_lines": 48, "num_statements": 54, "percent_covered": 88.88888888888889, "percent_covered_display": "89", "missing_lines": 6, "excluded_lines": 0}, "missing_lines": [50, 51, 63, 64, 130, 132], "excluded_lines": []}}}, "src/workers/sync_worker.py": {"executed_lines": [1, 3, 5, 7, 10, 11, 21, 23, 25, 26, 27, 30, 31, 41, 42, 44, 45, 46, 47, 48, 50, 51, 52, 53, 54, 57, 134, 137, 138, 143], "summary": {"covered_lines": 29, "num_statements": 69, "percent_covered": 42.028985507246375, "percent_covered_display": "42", "missing_lines": 40, "excluded_lines": 0}, "missing_lines": [24, 58, 59, 60, 62, 67, 68, 70, 71, 72, 73, 74, 75, 78, 79, 82, 83, 84, 85, 87, 92, 95, 96, 97, 102, 104, 106, 107, 108, 113, 114, 115, 117, 120, 121, 127, 133, 139, 140, 141], "excluded_lines": [], "functions": {"sync_connection": {"executed_lines": [21, 23, 25, 26, 27], "summary": {"covered_lines": 5, "num_statements": 6, "percent_covered": 83.33333333333333, "percent_covered_display": "83", "missing_lines": 1, "excluded_lines": 0}, "missing_lines": [24], "excluded_lines": []}, "sync_connection_metadata": {"executed_lines": [41, 42, 44, 45, 46, 47, 48, 50, 137, 138, 143], "summary": {"covered_lines": 11, "num_statements": 14, "percent_covered": 78.57142857142857, "percent_covered_display": "79", "missing_lines": 3, "excluded_lines": 0}, "missing_lines": [139, 140, 141], "excluded_lines": []}, "sync_connection_metadata._sync": {"executed_lines": [51, 52, 53, 54, 57, 134], "summary": {"covered_lines": 6, "num_statements": 42, "percent_covered": 14.285714285714286, "percent_covered_display": "14", "missing_lines": 36, "excluded_lines": 0}, "missing_lines": [58, 59, 60, 62, 67, 68, 70, 71, 72, 73, 74, 75, 78, 79, 82, 83, 84, 85, 87, 92, 95, 96, 97, 102, 104, 106, 107, 108, 113, 114, 115, 117, 120, 121, 127, 133], "excluded_lines": []}, "": {"executed_lines": [1, 3, 5, 7, 10, 11, 30, 31], "summary": {"covered_lines": 7, "num_statements": 7, "percent_covered": 100.0, "percent_covered_display": "100", "missing_lines": 0, "excluded_lines": 0}, "missing_lines": [], "excluded_lines": []}}, "classes": {"": {"executed_lines": [1, 3, 5, 7, 10, 11, 21, 23, 25, 26, 27, 30, 31, 41, 42, 44, 45, 46, 47, 48, 50, 51, 52, 53, 54, 57, 134, 137, 138, 143], "summary": {"covered_lines": 29, "num_statements": 69, "percent_covered": 42.028985507246375, "percent_covered_display": "42", "missing_lines": 40, "excluded_lines": 0}, "missing_lines": [24, 58, 59, 60, 62, 67, 68, 70, 71, 72, 73, 74, 75, 78, 79, 82, 83, 84, 85, 87, 92, 95, 96, 97, 102, 104, 106, 107, 108, 113, 114, 115, 117, 120, 121, 127, 133, 139, 140, 141], "excluded_lines": []}}}}, "totals": {"covered_lines": 6123, "num_statements": 8485, "percent_covered": 72.16263995285799, "percent_covered_display": "72", "missing_lines": 2362, "excluded_lines": 7}}