============================= test session starts ==============================
platform darwin -- Python 3.9.6, pytest-7.4.4, pluggy-1.6.0
rootdir: /Users/thedatafirst/Desktop/Repositorios/sky-poc-backend
configfile: pytest.ini
testpaths: src/tests
plugins: Faker-22.0.0, asyncio-0.23.3, anyio-4.12.0, cov-4.1.0
asyncio: mode=auto
collected 276 items

src/tests/test_ai_worker_unit.py ...                                     [  1%]
src/tests/test_all_endpoints.py ........................................ [ 15%]
........................................................................ [ 41%]
......................................................                   [ 61%]
src/tests/test_auth_endpoints.py ......................                  [ 69%]
src/tests/test_auth_middleware.py ....................                   [ 76%]
src/tests/test_auth_service.py ............                              [ 80%]
src/tests/test_cache_and_workers.py ....                                 [ 82%]
src/tests/test_coverage_boost.py .............                           [ 86%]
src/tests/test_error_handler_and_connectors.py ..........s...            [ 92%]
src/tests/test_security.py ......................                        [100%]

=============================== warnings summary ===============================
src/schemas/workspace.py:37
  /Users/thedatafirst/Desktop/Repositorios/sky-poc-backend/src/schemas/workspace.py:37: PydanticDeprecatedSince20: Support for class-based `config` is deprecated, use ConfigDict instead. Deprecated in Pydantic V2.0 to be removed in V3.0. See Pydantic V2 Migration Guide at https://errors.pydantic.dev/2.12/migration/
    class WorkspaceResponse(WorkspaceBase):

src/schemas/workspace.py:63
  /Users/thedatafirst/Desktop/Repositorios/sky-poc-backend/src/schemas/workspace.py:63: PydanticDeprecatedSince20: Support for class-based `config` is deprecated, use ConfigDict instead. Deprecated in Pydantic V2.0 to be removed in V3.0. See Pydantic V2 Migration Guide at https://errors.pydantic.dev/2.12/migration/
    class WorkspaceMemberResponse(WorkspaceMemberBase):

src/tests/test_all_endpoints.py: 166 warnings
src/tests/test_auth_endpoints.py: 22 warnings
src/tests/test_auth_middleware.py: 20 warnings
src/tests/test_auth_service.py: 12 warnings
  sys:1: SAWarning: Can't sort tables for DROP; an unresolvable foreign key dependency exists between tables: ai_queries, pipelines, widgets; and backend does not support ALTER.  To restore at least a partial sort, apply use_alter=True to ForeignKey and ForeignKeyConstraint objects involved in the cycle to mark these as known cycles that will be ignored.

-- Docs: https://docs.pytest.org/en/stable/how-to/capture-warnings.html

---------- coverage: platform darwin, python 3.9.6-final-0 -----------
Name                                             Stmts   Miss  Cover   Missing
------------------------------------------------------------------------------
src/__init__.py                                      1      0   100%
src/ai/__init__.py                                   0      0   100%
src/ai/http_client.py                               99     72    27%   54-78, 99-112, 128-146, 160-174, 192-214, 234-258
src/ai/mock.py                                      17      1    94%   28
src/ai/real_service.py                              52     40    23%   52-148, 168-172, 196-203, 221-271
src/api/__init__.py                                  0      0   100%
src/api/deps.py                                    103     48    53%   74-75, 83-96, 100-112, 123-124, 132-142, 145-150, 160-163, 173-174
src/api/middleware/__init__.py                       0      0   100%
src/api/middleware/auth.py                          95     35    63%   34, 59-60, 93-95, 111-113, 120-122, 131-132, 151-179
src/api/middleware/cors.py                           5      0   100%
src/api/middleware/error_handler.py                 71      3    96%   48-50
src/api/middleware/logging.py                       17      0   100%
src/api/middleware/rate_limit.py                    57     16    72%   27, 31, 66-68, 77-91, 106-110
src/api/v1/__init__.py                               0      0   100%
src/api/v1/ai.py                                   123     42    66%   95-174, 285-286, 343, 423-426, 489-498, 527, 644-646
src/api/v1/auth.py                                 122     41    66%   63-64, 92-99, 125, 316-325, 359, 396-409, 461-469, 473-481, 485-497, 534-553
src/api/v1/connections.py                          101     29    71%   39-41, 167-171, 314, 341-342, 419-426, 457-465, 502-517
src/api/v1/connectors.py                            21      2    90%   93-94
src/api/v1/crews.py                                 52      3    94%   173-174, 263
src/api/v1/dashboards.py                           260    185    29%   191, 221, 284-288, 317-322, 366-443, 469-683, 707-753, 775-787
src/api/v1/datasets.py                              26     12    54%   46-55, 82-83
src/api/v1/files.py                                 39      1    97%   223
src/api/v1/permissions.py                           78     31    60%   88-92, 121-122, 149-151, 264-273, 300-301, 330-331, 358-360, 385-386, 415-416
src/api/v1/planets.py                               79     17    78%   58, 60-64, 179, 266-268, 299-300, 338-339, 401-404, 435
src/api/v1/router.py                                20      0   100%
src/api/v1/settings.py                              68      2    97%   295, 410
src/api/v1/spaces.py                                71     11    85%   119-125, 162-168, 202-207, 352-354, 381-382
src/api/v1/starred.py                               18      1    94%   73
src/api/v1/templates.py                             39     11    72%   119-120, 149-150, 177-179, 204-205, 234-235
src/api/v1/users.py                                 48      6    88%   167, 198-200, 235-237, 268
src/api/v1/widgets.py                               37      4    89%   78, 135, 164, 193
src/api/v1/workspaces.py                            66     32    52%   53-63, 90-91, 118-119, 148-149, 176-178, 205-206, 235-236, 265-267, 298-299, 333-338, 367-368
src/config/__init__.py                               4      0   100%
src/config/auth0.py                                 70     17    76%   147-149, 154, 159, 164-166, 171-173, 178-180, 185-187
src/config/database.py                              56     26    54%   27, 64-73, 88, 98, 123, 136-189, 196
src/config/redis.py                                 59     37    37%   42-114, 138-139
src/config/settings.py                             132     31    77%   37, 71-73, 76-100, 222, 232-251
src/connectors/__init__.py                           0      0   100%
src/connectors/base.py                              15      4    73%   21, 34, 48, 62
src/connectors/bigquery.py                          77     65    16%   16-25, 30-53, 64-72, 84-92, 114-172, 180-187, 195-196
src/connectors/mysql.py                             11      0   100%
src/connectors/postgresql.py                        21      2    90%   31, 51
src/connectors/registry.py                          18      2    89%   23, 27
src/core/__init__.py                                 4      0   100%
src/core/exceptions.py                              26      0   100%
src/core/permissions.py                             19      2    89%   87, 95
src/core/security.py                                51     15    71%   122-123, 141-157
src/main.py                                        129     41    68%   46-47, 108-114, 119-125, 163-169, 174-180, 245-248, 259-316, 322, 335-337
src/models/__init__.py                              14      0   100%
src/models/ai.py                                    94     13    86%   65, 109, 151, 168-175, 204, 234
src/models/connection.py                            58     11    81%   61, 96, 111-115, 128-131
src/models/crew.py                                  44      3    93%   48, 84, 115
src/models/dashboard.py                             62      3    95%   54, 108, 148
src/models/dashboard_build_job.py                   27      0   100%
src/models/dataset.py                               17      1    94%   39
src/models/file.py                                  41      2    95%   59, 92
src/models/permission.py                            80      5    94%   65, 118, 158, 194, 218
src/models/planet.py                                40      2    95%   50, 91
src/models/space.py                                 43      3    93%   43, 74, 111
src/models/starred.py                               21      1    95%   45
src/models/template.py                              25      1    96%   45
src/models/user.py                                  52      2    96%   83, 113
src/models/workspace.py                             39      2    95%   50, 91
src/repositories/__init__.py                         2      0   100%
src/repositories/base.py                            78     26    67%   65-67, 71, 77, 89-99, 122, 132, 155, 174-189, 201-202
src/repositories/connection.py                      28      4    86%   42, 47, 62, 84
src/repositories/crew.py                            46     15    67%   33-40, 55, 71, 96-98, 102, 111, 136, 156, 171-181, 190-199
src/repositories/dashboard.py                       28      4    86%   42, 62, 92, 119
src/repositories/dataset.py                         15      5    67%   17, 32-37, 49-52
src/repositories/file.py                             8      0   100%
src/repositories/permission.py                      55     29    47%   29-32, 47, 62, 78-91, 113-125, 139-142, 158-165, 184-187, 196-197
src/repositories/planet.py                          36     12    67%   54-76, 94-105, 109, 137, 156
src/repositories/settings.py                        21      4    81%   40, 70, 85-90
src/repositories/space.py                           33      6    82%   44, 59, 74, 95, 123, 142
src/repositories/starred.py                         28      2    93%   67, 89
src/repositories/template.py                        30      9    70%   41, 64, 77-82, 91-94
src/repositories/user.py                            28      7    75%   45-50, 77-83, 96-103, 125
src/repositories/workspace.py                       36     20    44%   18, 34-41, 54-76, 89-109, 116, 131-137, 151-156
src/schemas/__init__.py                              3      0   100%
src/schemas/ai.py                                  138      0   100%
src/schemas/common.py                               25      2    92%   38-39
src/schemas/connection.py                           63      0   100%
src/schemas/connector.py                            26      0   100%
src/schemas/crew.py                                 34      0   100%
src/schemas/dashboard.py                            88      0   100%
src/schemas/dashboard_ai.py                         59      0   100%
src/schemas/file.py                                 45      0   100%
src/schemas/permission.py                           55      0   100%
src/schemas/planet.py                               43      0   100%
src/schemas/settings.py                             64      0   100%
src/schemas/space.py                                44      7    84%   27-34
src/schemas/template.py                             40      0   100%
src/schemas/user.py                                 87      0   100%
src/schemas/workspace.py                            44      0   100%
src/services/__init__.py                             0      0   100%
src/services/ai_service.py                         408    297    27%   74-85, 94-128, 144, 151-180, 199-230, 257-263, 291-449, 456-470, 473-517, 541-673, 684-687, 722-723, 726-727, 735, 745-749, 795-806, 812-814, 818, 836-839, 856-859, 873-877, 894-901, 918-925, 937-956, 972-991, 1005, 1024-1032, 1093, 1108, 1125, 1132-1134
src/services/auth0_service.py                      251    210    16%   52-63, 79-95, 114-141, 162-169, 199-250, 273-296, 305, 322-350, 366-431, 447-514, 530-596, 608-633
src/services/auth_service.py                       113     33    71%   78-97, 113-151, 183, 186-187, 235, 239-240, 266, 286
src/services/connection_service.py                 159    114    28%   68, 70, 93-100, 121-122, 135-148, 169-181, 196-220, 238-274, 292-340, 358-373, 395, 412-413, 431-437, 463-483
src/services/connector_service.py                   32      6    81%   810-816
src/services/crew_service.py                       135     97    28%   54, 77-85, 104-120, 141-163, 185-211, 231-258, 280-314, 332-345, 367-396
src/services/dashboard_service.py                  156     91    42%   66-92, 111-116, 156-166, 180-186, 206-224, 240-244, 281-292, 306-310, 354-373, 390-393, 421-424, 444-453, 475-479, 483, 486, 512-553, 573, 600-609
src/services/dataset_service.py                     44     31    30%   27-29, 43-86, 98
src/services/file_upload_service.py                148     57    61%   61, 77, 112, 153-156, 212-215, 243-290, 341-344, 393-396, 422-430, 445-461
src/services/invite_service.py                      99     61    38%   84, 135-156, 184-217, 238-289
src/services/onboarding_service.py                  18      1    94%   25
src/services/permission_service.py                 176    134    24%   67-75, 97-151, 171-185, 199-209, 270-293, 315-346, 366-402, 422-436, 450-460, 476-480, 501-525
src/services/planet_service.py                     127     89    30%   87-98, 132-148, 163-171, 191-217, 238-264, 281-302, 322-333, 355-383
src/services/settings_service.py                    91     31    66%   157, 185, 235-239, 262-269, 305-308, 329-345, 360-369
src/services/space_service.py                      167    121    28%   60-104, 122-129, 150-153, 174-185, 205-222, 240-247, 267-274, 294-303, 326-346, 363-380, 409-452
src/services/starred_service.py                     32      8    75%   42, 50, 72, 78-84, 126
src/services/template_service.py                    74     43    42%   64, 87-90, 109-116, 136-149, 163-172, 184-185, 205-241
src/services/user_service.py                        92     52    43%   49, 71, 74-77, 98-117, 139, 142-162, 180-188, 207, 210-213, 236-249, 272-278
src/services/workspace_service.py                  127    106    17%   32-34, 49-69, 86-98, 110-111, 131-148, 162-171, 190-217, 237-264, 281-302, 321-334, 355-383
src/tests/__init__.py                                0      0   100%
src/tests/conftest.py                               82      3    96%   145, 157, 171
src/tests/test_ai_worker_unit.py                   120      0   100%
src/tests/test_all_endpoints.py                   1391     17    99%   193-203, 920-921, 1121-1123, 1182-1184, 1360-1362
src/tests/test_auth_endpoints.py                   129      0   100%
src/tests/test_auth_middleware.py                   80      0   100%
src/tests/test_auth_service.py                     140      0   100%
src/tests/test_cache_and_workers.py                 41      0   100%
src/tests/test_coverage_boost.py                   154      3    98%   56-57, 154
src/tests/test_error_handler_and_connectors.py     114      6    95%   133-140
src/tests/test_security.py                         157      0   100%
src/utils/__init__.py                                0      0   100%
src/utils/cache.py                                  43      1    98%   70
src/workers/__init__.py                              0      0   100%
src/workers/ai_worker.py                           190     37    81%   25-31, 39-44, 73, 92, 114-128, 133-135, 187, 205-206, 251, 262
src/workers/celery_app.py                           47      4    91%   48-49, 61-62
src/workers/sync_worker.py                          20      6    70%   26-28, 46-48
------------------------------------------------------------------------------
TOTAL                                             9621   2747    71%
Coverage HTML written to dir htmlcov

Required test coverage of 70% reached. Total coverage: 71.45%
=========== 275 passed, 1 skipped, 222 warnings in 101.95s (0:01:41) ===========
__DONE__
